<?xml version="1.0" encoding="UTF-8"?>
<testsuites>
  <testsuite name="" tests="675" assertions="675" errors="0" warnings="0" failures="0" skipped="0" time="202.164692">
    <testsuite name="Wallet Bench Suite" tests="675" assertions="675" errors="0" warnings="0" failures="0" skipped="0" time="202.164692">
      <testsuite name="Bavix\WalletBench\Test\Units\CartTest" file="/Users/babichev/projects/laravel-wallet-benchmark/tests/Units/CartTest.php" tests="50" assertions="50" errors="0" warnings="0" failures="0" skipped="0" time="129.841047">
        <testsuite name="Bavix\WalletBench\Test\Units\CartTest::testPay" tests="25" assertions="25" errors="0" warnings="0" failures="0" skipped="0" time="59.989744">
          <testcase name="testPay" class="Bavix\WalletBench\Test\Units\CartTest" classname="Bavix.WalletBench.Test.Units.CartTest" file="/Users/babichev/projects/laravel-wallet-benchmark/tests/Units/CartTest.php" line="20" assertions="1" time="3.667894"/>
          <testcase name="testPay" class="Bavix\WalletBench\Test\Units\CartTest" classname="Bavix.WalletBench.Test.Units.CartTest" file="/Users/babichev/projects/laravel-wallet-benchmark/tests/Units/CartTest.php" line="20" assertions="1" time="2.328519"/>
          <testcase name="testPay" class="Bavix\WalletBench\Test\Units\CartTest" classname="Bavix.WalletBench.Test.Units.CartTest" file="/Users/babichev/projects/laravel-wallet-benchmark/tests/Units/CartTest.php" line="20" assertions="1" time="2.345872"/>
          <testcase name="testPay" class="Bavix\WalletBench\Test\Units\CartTest" classname="Bavix.WalletBench.Test.Units.CartTest" file="/Users/babichev/projects/laravel-wallet-benchmark/tests/Units/CartTest.php" line="20" assertions="1" time="2.358190"/>
          <testcase name="testPay" class="Bavix\WalletBench\Test\Units\CartTest" classname="Bavix.WalletBench.Test.Units.CartTest" file="/Users/babichev/projects/laravel-wallet-benchmark/tests/Units/CartTest.php" line="20" assertions="1" time="2.338127"/>
          <testcase name="testPay" class="Bavix\WalletBench\Test\Units\CartTest" classname="Bavix.WalletBench.Test.Units.CartTest" file="/Users/babichev/projects/laravel-wallet-benchmark/tests/Units/CartTest.php" line="20" assertions="1" time="2.342392"/>
          <testcase name="testPay" class="Bavix\WalletBench\Test\Units\CartTest" classname="Bavix.WalletBench.Test.Units.CartTest" file="/Users/babichev/projects/laravel-wallet-benchmark/tests/Units/CartTest.php" line="20" assertions="1" time="2.346553"/>
          <testcase name="testPay" class="Bavix\WalletBench\Test\Units\CartTest" classname="Bavix.WalletBench.Test.Units.CartTest" file="/Users/babichev/projects/laravel-wallet-benchmark/tests/Units/CartTest.php" line="20" assertions="1" time="2.390454"/>
          <testcase name="testPay" class="Bavix\WalletBench\Test\Units\CartTest" classname="Bavix.WalletBench.Test.Units.CartTest" file="/Users/babichev/projects/laravel-wallet-benchmark/tests/Units/CartTest.php" line="20" assertions="1" time="2.352206"/>
          <testcase name="testPay" class="Bavix\WalletBench\Test\Units\CartTest" classname="Bavix.WalletBench.Test.Units.CartTest" file="/Users/babichev/projects/laravel-wallet-benchmark/tests/Units/CartTest.php" line="20" assertions="1" time="2.326889"/>
          <testcase name="testPay" class="Bavix\WalletBench\Test\Units\CartTest" classname="Bavix.WalletBench.Test.Units.CartTest" file="/Users/babichev/projects/laravel-wallet-benchmark/tests/Units/CartTest.php" line="20" assertions="1" time="2.340983"/>
          <testcase name="testPay" class="Bavix\WalletBench\Test\Units\CartTest" classname="Bavix.WalletBench.Test.Units.CartTest" file="/Users/babichev/projects/laravel-wallet-benchmark/tests/Units/CartTest.php" line="20" assertions="1" time="2.368797"/>
          <testcase name="testPay" class="Bavix\WalletBench\Test\Units\CartTest" classname="Bavix.WalletBench.Test.Units.CartTest" file="/Users/babichev/projects/laravel-wallet-benchmark/tests/Units/CartTest.php" line="20" assertions="1" time="2.348671"/>
          <testcase name="testPay" class="Bavix\WalletBench\Test\Units\CartTest" classname="Bavix.WalletBench.Test.Units.CartTest" file="/Users/babichev/projects/laravel-wallet-benchmark/tests/Units/CartTest.php" line="20" assertions="1" time="2.383722"/>
          <testcase name="testPay" class="Bavix\WalletBench\Test\Units\CartTest" classname="Bavix.WalletBench.Test.Units.CartTest" file="/Users/babichev/projects/laravel-wallet-benchmark/tests/Units/CartTest.php" line="20" assertions="1" time="2.370256"/>
          <testcase name="testPay" class="Bavix\WalletBench\Test\Units\CartTest" classname="Bavix.WalletBench.Test.Units.CartTest" file="/Users/babichev/projects/laravel-wallet-benchmark/tests/Units/CartTest.php" line="20" assertions="1" time="2.341309"/>
          <testcase name="testPay" class="Bavix\WalletBench\Test\Units\CartTest" classname="Bavix.WalletBench.Test.Units.CartTest" file="/Users/babichev/projects/laravel-wallet-benchmark/tests/Units/CartTest.php" line="20" assertions="1" time="2.347320"/>
          <testcase name="testPay" class="Bavix\WalletBench\Test\Units\CartTest" classname="Bavix.WalletBench.Test.Units.CartTest" file="/Users/babichev/projects/laravel-wallet-benchmark/tests/Units/CartTest.php" line="20" assertions="1" time="2.345064"/>
          <testcase name="testPay" class="Bavix\WalletBench\Test\Units\CartTest" classname="Bavix.WalletBench.Test.Units.CartTest" file="/Users/babichev/projects/laravel-wallet-benchmark/tests/Units/CartTest.php" line="20" assertions="1" time="2.338841"/>
          <testcase name="testPay" class="Bavix\WalletBench\Test\Units\CartTest" classname="Bavix.WalletBench.Test.Units.CartTest" file="/Users/babichev/projects/laravel-wallet-benchmark/tests/Units/CartTest.php" line="20" assertions="1" time="2.328463"/>
          <testcase name="testPay" class="Bavix\WalletBench\Test\Units\CartTest" classname="Bavix.WalletBench.Test.Units.CartTest" file="/Users/babichev/projects/laravel-wallet-benchmark/tests/Units/CartTest.php" line="20" assertions="1" time="2.325878"/>
          <testcase name="testPay" class="Bavix\WalletBench\Test\Units\CartTest" classname="Bavix.WalletBench.Test.Units.CartTest" file="/Users/babichev/projects/laravel-wallet-benchmark/tests/Units/CartTest.php" line="20" assertions="1" time="2.347849"/>
          <testcase name="testPay" class="Bavix\WalletBench\Test\Units\CartTest" classname="Bavix.WalletBench.Test.Units.CartTest" file="/Users/babichev/projects/laravel-wallet-benchmark/tests/Units/CartTest.php" line="20" assertions="1" time="2.337647"/>
          <testcase name="testPay" class="Bavix\WalletBench\Test\Units\CartTest" classname="Bavix.WalletBench.Test.Units.CartTest" file="/Users/babichev/projects/laravel-wallet-benchmark/tests/Units/CartTest.php" line="20" assertions="1" time="2.337829"/>
          <testcase name="testPay" class="Bavix\WalletBench\Test\Units\CartTest" classname="Bavix.WalletBench.Test.Units.CartTest" file="/Users/babichev/projects/laravel-wallet-benchmark/tests/Units/CartTest.php" line="20" assertions="1" time="2.330020"/>
        </testsuite>
        <testsuite name="Bavix\WalletBench\Test\Units\CartTest::testPayFree" tests="25" assertions="25" errors="0" warnings="0" failures="0" skipped="0" time="69.851303">
          <testcase name="testPayFree" class="Bavix\WalletBench\Test\Units\CartTest" classname="Bavix.WalletBench.Test.Units.CartTest" file="/Users/babichev/projects/laravel-wallet-benchmark/tests/Units/CartTest.php" line="33" assertions="1" time="2.786076"/>
          <testcase name="testPayFree" class="Bavix\WalletBench\Test\Units\CartTest" classname="Bavix.WalletBench.Test.Units.CartTest" file="/Users/babichev/projects/laravel-wallet-benchmark/tests/Units/CartTest.php" line="33" assertions="1" time="2.806418"/>
          <testcase name="testPayFree" class="Bavix\WalletBench\Test\Units\CartTest" classname="Bavix.WalletBench.Test.Units.CartTest" file="/Users/babichev/projects/laravel-wallet-benchmark/tests/Units/CartTest.php" line="33" assertions="1" time="2.794621"/>
          <testcase name="testPayFree" class="Bavix\WalletBench\Test\Units\CartTest" classname="Bavix.WalletBench.Test.Units.CartTest" file="/Users/babichev/projects/laravel-wallet-benchmark/tests/Units/CartTest.php" line="33" assertions="1" time="2.796342"/>
          <testcase name="testPayFree" class="Bavix\WalletBench\Test\Units\CartTest" classname="Bavix.WalletBench.Test.Units.CartTest" file="/Users/babichev/projects/laravel-wallet-benchmark/tests/Units/CartTest.php" line="33" assertions="1" time="2.787972"/>
          <testcase name="testPayFree" class="Bavix\WalletBench\Test\Units\CartTest" classname="Bavix.WalletBench.Test.Units.CartTest" file="/Users/babichev/projects/laravel-wallet-benchmark/tests/Units/CartTest.php" line="33" assertions="1" time="2.778612"/>
          <testcase name="testPayFree" class="Bavix\WalletBench\Test\Units\CartTest" classname="Bavix.WalletBench.Test.Units.CartTest" file="/Users/babichev/projects/laravel-wallet-benchmark/tests/Units/CartTest.php" line="33" assertions="1" time="2.810831"/>
          <testcase name="testPayFree" class="Bavix\WalletBench\Test\Units\CartTest" classname="Bavix.WalletBench.Test.Units.CartTest" file="/Users/babichev/projects/laravel-wallet-benchmark/tests/Units/CartTest.php" line="33" assertions="1" time="2.793471"/>
          <testcase name="testPayFree" class="Bavix\WalletBench\Test\Units\CartTest" classname="Bavix.WalletBench.Test.Units.CartTest" file="/Users/babichev/projects/laravel-wallet-benchmark/tests/Units/CartTest.php" line="33" assertions="1" time="2.802770"/>
          <testcase name="testPayFree" class="Bavix\WalletBench\Test\Units\CartTest" classname="Bavix.WalletBench.Test.Units.CartTest" file="/Users/babichev/projects/laravel-wallet-benchmark/tests/Units/CartTest.php" line="33" assertions="1" time="2.802919"/>
          <testcase name="testPayFree" class="Bavix\WalletBench\Test\Units\CartTest" classname="Bavix.WalletBench.Test.Units.CartTest" file="/Users/babichev/projects/laravel-wallet-benchmark/tests/Units/CartTest.php" line="33" assertions="1" time="2.790590"/>
          <testcase name="testPayFree" class="Bavix\WalletBench\Test\Units\CartTest" classname="Bavix.WalletBench.Test.Units.CartTest" file="/Users/babichev/projects/laravel-wallet-benchmark/tests/Units/CartTest.php" line="33" assertions="1" time="2.783752"/>
          <testcase name="testPayFree" class="Bavix\WalletBench\Test\Units\CartTest" classname="Bavix.WalletBench.Test.Units.CartTest" file="/Users/babichev/projects/laravel-wallet-benchmark/tests/Units/CartTest.php" line="33" assertions="1" time="2.795420"/>
          <testcase name="testPayFree" class="Bavix\WalletBench\Test\Units\CartTest" classname="Bavix.WalletBench.Test.Units.CartTest" file="/Users/babichev/projects/laravel-wallet-benchmark/tests/Units/CartTest.php" line="33" assertions="1" time="2.788209"/>
          <testcase name="testPayFree" class="Bavix\WalletBench\Test\Units\CartTest" classname="Bavix.WalletBench.Test.Units.CartTest" file="/Users/babichev/projects/laravel-wallet-benchmark/tests/Units/CartTest.php" line="33" assertions="1" time="2.804940"/>
          <testcase name="testPayFree" class="Bavix\WalletBench\Test\Units\CartTest" classname="Bavix.WalletBench.Test.Units.CartTest" file="/Users/babichev/projects/laravel-wallet-benchmark/tests/Units/CartTest.php" line="33" assertions="1" time="2.807540"/>
          <testcase name="testPayFree" class="Bavix\WalletBench\Test\Units\CartTest" classname="Bavix.WalletBench.Test.Units.CartTest" file="/Users/babichev/projects/laravel-wallet-benchmark/tests/Units/CartTest.php" line="33" assertions="1" time="2.797879"/>
          <testcase name="testPayFree" class="Bavix\WalletBench\Test\Units\CartTest" classname="Bavix.WalletBench.Test.Units.CartTest" file="/Users/babichev/projects/laravel-wallet-benchmark/tests/Units/CartTest.php" line="33" assertions="1" time="2.797975"/>
          <testcase name="testPayFree" class="Bavix\WalletBench\Test\Units\CartTest" classname="Bavix.WalletBench.Test.Units.CartTest" file="/Users/babichev/projects/laravel-wallet-benchmark/tests/Units/CartTest.php" line="33" assertions="1" time="2.792093"/>
          <testcase name="testPayFree" class="Bavix\WalletBench\Test\Units\CartTest" classname="Bavix.WalletBench.Test.Units.CartTest" file="/Users/babichev/projects/laravel-wallet-benchmark/tests/Units/CartTest.php" line="33" assertions="1" time="2.781372"/>
          <testcase name="testPayFree" class="Bavix\WalletBench\Test\Units\CartTest" classname="Bavix.WalletBench.Test.Units.CartTest" file="/Users/babichev/projects/laravel-wallet-benchmark/tests/Units/CartTest.php" line="33" assertions="1" time="2.775135"/>
          <testcase name="testPayFree" class="Bavix\WalletBench\Test\Units\CartTest" classname="Bavix.WalletBench.Test.Units.CartTest" file="/Users/babichev/projects/laravel-wallet-benchmark/tests/Units/CartTest.php" line="33" assertions="1" time="2.784173"/>
          <testcase name="testPayFree" class="Bavix\WalletBench\Test\Units\CartTest" classname="Bavix.WalletBench.Test.Units.CartTest" file="/Users/babichev/projects/laravel-wallet-benchmark/tests/Units/CartTest.php" line="33" assertions="1" time="2.791672"/>
          <testcase name="testPayFree" class="Bavix\WalletBench\Test\Units\CartTest" classname="Bavix.WalletBench.Test.Units.CartTest" file="/Users/babichev/projects/laravel-wallet-benchmark/tests/Units/CartTest.php" line="33" assertions="1" time="2.799079"/>
          <testcase name="testPayFree" class="Bavix\WalletBench\Test\Units\CartTest" classname="Bavix.WalletBench.Test.Units.CartTest" file="/Users/babichev/projects/laravel-wallet-benchmark/tests/Units/CartTest.php" line="33" assertions="1" time="2.801440"/>
        </testsuite>
      </testsuite>
      <testsuite name="Bavix\WalletBench\Test\Units\SoloTest" file="/Users/babichev/projects/laravel-wallet-benchmark/tests/Units/SoloTest.php" tests="600" assertions="600" errors="0" warnings="0" failures="0" skipped="0" time="22.109298">
        <testsuite name="Bavix\WalletBench\Test\Units\SoloTest::testGetBalance" tests="300" assertions="300" errors="0" warnings="0" failures="0" skipped="0" time="7.138638">
          <testcase name="testGetBalance" class="Bavix\WalletBench\Test\Units\SoloTest" classname="Bavix.WalletBench.Test.Units.SoloTest" file="/Users/babichev/projects/laravel-wallet-benchmark/tests/Units/SoloTest.php" line="17" assertions="1" time="0.024529"/>
          <testcase name="testGetBalance" class="Bavix\WalletBench\Test\Units\SoloTest" classname="Bavix.WalletBench.Test.Units.SoloTest" file="/Users/babichev/projects/laravel-wallet-benchmark/tests/Units/SoloTest.php" line="17" assertions="1" time="0.026257"/>
          <testcase name="testGetBalance" class="Bavix\WalletBench\Test\Units\SoloTest" classname="Bavix.WalletBench.Test.Units.SoloTest" file="/Users/babichev/projects/laravel-wallet-benchmark/tests/Units/SoloTest.php" line="17" assertions="1" time="0.022834"/>
          <testcase name="testGetBalance" class="Bavix\WalletBench\Test\Units\SoloTest" classname="Bavix.WalletBench.Test.Units.SoloTest" file="/Users/babichev/projects/laravel-wallet-benchmark/tests/Units/SoloTest.php" line="17" assertions="1" time="0.024403"/>
          <testcase name="testGetBalance" class="Bavix\WalletBench\Test\Units\SoloTest" classname="Bavix.WalletBench.Test.Units.SoloTest" file="/Users/babichev/projects/laravel-wallet-benchmark/tests/Units/SoloTest.php" line="17" assertions="1" time="0.024498"/>
          <testcase name="testGetBalance" class="Bavix\WalletBench\Test\Units\SoloTest" classname="Bavix.WalletBench.Test.Units.SoloTest" file="/Users/babichev/projects/laravel-wallet-benchmark/tests/Units/SoloTest.php" line="17" assertions="1" time="0.023198"/>
          <testcase name="testGetBalance" class="Bavix\WalletBench\Test\Units\SoloTest" classname="Bavix.WalletBench.Test.Units.SoloTest" file="/Users/babichev/projects/laravel-wallet-benchmark/tests/Units/SoloTest.php" line="17" assertions="1" time="0.024676"/>
          <testcase name="testGetBalance" class="Bavix\WalletBench\Test\Units\SoloTest" classname="Bavix.WalletBench.Test.Units.SoloTest" file="/Users/babichev/projects/laravel-wallet-benchmark/tests/Units/SoloTest.php" line="17" assertions="1" time="0.022018"/>
          <testcase name="testGetBalance" class="Bavix\WalletBench\Test\Units\SoloTest" classname="Bavix.WalletBench.Test.Units.SoloTest" file="/Users/babichev/projects/laravel-wallet-benchmark/tests/Units/SoloTest.php" line="17" assertions="1" time="0.023134"/>
          <testcase name="testGetBalance" class="Bavix\WalletBench\Test\Units\SoloTest" classname="Bavix.WalletBench.Test.Units.SoloTest" file="/Users/babichev/projects/laravel-wallet-benchmark/tests/Units/SoloTest.php" line="17" assertions="1" time="0.023239"/>
          <testcase name="testGetBalance" class="Bavix\WalletBench\Test\Units\SoloTest" classname="Bavix.WalletBench.Test.Units.SoloTest" file="/Users/babichev/projects/laravel-wallet-benchmark/tests/Units/SoloTest.php" line="17" assertions="1" time="0.021670"/>
          <testcase name="testGetBalance" class="Bavix\WalletBench\Test\Units\SoloTest" classname="Bavix.WalletBench.Test.Units.SoloTest" file="/Users/babichev/projects/laravel-wallet-benchmark/tests/Units/SoloTest.php" line="17" assertions="1" time="0.023792"/>
          <testcase name="testGetBalance" class="Bavix\WalletBench\Test\Units\SoloTest" classname="Bavix.WalletBench.Test.Units.SoloTest" file="/Users/babichev/projects/laravel-wallet-benchmark/tests/Units/SoloTest.php" line="17" assertions="1" time="0.023173"/>
          <testcase name="testGetBalance" class="Bavix\WalletBench\Test\Units\SoloTest" classname="Bavix.WalletBench.Test.Units.SoloTest" file="/Users/babichev/projects/laravel-wallet-benchmark/tests/Units/SoloTest.php" line="17" assertions="1" time="0.022749"/>
          <testcase name="testGetBalance" class="Bavix\WalletBench\Test\Units\SoloTest" classname="Bavix.WalletBench.Test.Units.SoloTest" file="/Users/babichev/projects/laravel-wallet-benchmark/tests/Units/SoloTest.php" line="17" assertions="1" time="0.024450"/>
          <testcase name="testGetBalance" class="Bavix\WalletBench\Test\Units\SoloTest" classname="Bavix.WalletBench.Test.Units.SoloTest" file="/Users/babichev/projects/laravel-wallet-benchmark/tests/Units/SoloTest.php" line="17" assertions="1" time="0.024354"/>
          <testcase name="testGetBalance" class="Bavix\WalletBench\Test\Units\SoloTest" classname="Bavix.WalletBench.Test.Units.SoloTest" file="/Users/babichev/projects/laravel-wallet-benchmark/tests/Units/SoloTest.php" line="17" assertions="1" time="0.023024"/>
          <testcase name="testGetBalance" class="Bavix\WalletBench\Test\Units\SoloTest" classname="Bavix.WalletBench.Test.Units.SoloTest" file="/Users/babichev/projects/laravel-wallet-benchmark/tests/Units/SoloTest.php" line="17" assertions="1" time="0.023194"/>
          <testcase name="testGetBalance" class="Bavix\WalletBench\Test\Units\SoloTest" classname="Bavix.WalletBench.Test.Units.SoloTest" file="/Users/babichev/projects/laravel-wallet-benchmark/tests/Units/SoloTest.php" line="17" assertions="1" time="0.023764"/>
          <testcase name="testGetBalance" class="Bavix\WalletBench\Test\Units\SoloTest" classname="Bavix.WalletBench.Test.Units.SoloTest" file="/Users/babichev/projects/laravel-wallet-benchmark/tests/Units/SoloTest.php" line="17" assertions="1" time="0.024164"/>
          <testcase name="testGetBalance" class="Bavix\WalletBench\Test\Units\SoloTest" classname="Bavix.WalletBench.Test.Units.SoloTest" file="/Users/babichev/projects/laravel-wallet-benchmark/tests/Units/SoloTest.php" line="17" assertions="1" time="0.023931"/>
          <testcase name="testGetBalance" class="Bavix\WalletBench\Test\Units\SoloTest" classname="Bavix.WalletBench.Test.Units.SoloTest" file="/Users/babichev/projects/laravel-wallet-benchmark/tests/Units/SoloTest.php" line="17" assertions="1" time="0.023618"/>
          <testcase name="testGetBalance" class="Bavix\WalletBench\Test\Units\SoloTest" classname="Bavix.WalletBench.Test.Units.SoloTest" file="/Users/babichev/projects/laravel-wallet-benchmark/tests/Units/SoloTest.php" line="17" assertions="1" time="0.025058"/>
          <testcase name="testGetBalance" class="Bavix\WalletBench\Test\Units\SoloTest" classname="Bavix.WalletBench.Test.Units.SoloTest" file="/Users/babichev/projects/laravel-wallet-benchmark/tests/Units/SoloTest.php" line="17" assertions="1" time="0.024581"/>
          <testcase name="testGetBalance" class="Bavix\WalletBench\Test\Units\SoloTest" classname="Bavix.WalletBench.Test.Units.SoloTest" file="/Users/babichev/projects/laravel-wallet-benchmark/tests/Units/SoloTest.php" line="17" assertions="1" time="0.022986"/>
          <testcase name="testGetBalance" class="Bavix\WalletBench\Test\Units\SoloTest" classname="Bavix.WalletBench.Test.Units.SoloTest" file="/Users/babichev/projects/laravel-wallet-benchmark/tests/Units/SoloTest.php" line="17" assertions="1" time="0.022784"/>
          <testcase name="testGetBalance" class="Bavix\WalletBench\Test\Units\SoloTest" classname="Bavix.WalletBench.Test.Units.SoloTest" file="/Users/babichev/projects/laravel-wallet-benchmark/tests/Units/SoloTest.php" line="17" assertions="1" time="0.025011"/>
          <testcase name="testGetBalance" class="Bavix\WalletBench\Test\Units\SoloTest" classname="Bavix.WalletBench.Test.Units.SoloTest" file="/Users/babichev/projects/laravel-wallet-benchmark/tests/Units/SoloTest.php" line="17" assertions="1" time="0.023208"/>
          <testcase name="testGetBalance" class="Bavix\WalletBench\Test\Units\SoloTest" classname="Bavix.WalletBench.Test.Units.SoloTest" file="/Users/babichev/projects/laravel-wallet-benchmark/tests/Units/SoloTest.php" line="17" assertions="1" time="0.023426"/>
          <testcase name="testGetBalance" class="Bavix\WalletBench\Test\Units\SoloTest" classname="Bavix.WalletBench.Test.Units.SoloTest" file="/Users/babichev/projects/laravel-wallet-benchmark/tests/Units/SoloTest.php" line="17" assertions="1" time="0.023759"/>
          <testcase name="testGetBalance" class="Bavix\WalletBench\Test\Units\SoloTest" classname="Bavix.WalletBench.Test.Units.SoloTest" file="/Users/babichev/projects/laravel-wallet-benchmark/tests/Units/SoloTest.php" line="17" assertions="1" time="0.023209"/>
          <testcase name="testGetBalance" class="Bavix\WalletBench\Test\Units\SoloTest" classname="Bavix.WalletBench.Test.Units.SoloTest" file="/Users/babichev/projects/laravel-wallet-benchmark/tests/Units/SoloTest.php" line="17" assertions="1" time="0.022971"/>
          <testcase name="testGetBalance" class="Bavix\WalletBench\Test\Units\SoloTest" classname="Bavix.WalletBench.Test.Units.SoloTest" file="/Users/babichev/projects/laravel-wallet-benchmark/tests/Units/SoloTest.php" line="17" assertions="1" time="0.023346"/>
          <testcase name="testGetBalance" class="Bavix\WalletBench\Test\Units\SoloTest" classname="Bavix.WalletBench.Test.Units.SoloTest" file="/Users/babichev/projects/laravel-wallet-benchmark/tests/Units/SoloTest.php" line="17" assertions="1" time="0.021674"/>
          <testcase name="testGetBalance" class="Bavix\WalletBench\Test\Units\SoloTest" classname="Bavix.WalletBench.Test.Units.SoloTest" file="/Users/babichev/projects/laravel-wallet-benchmark/tests/Units/SoloTest.php" line="17" assertions="1" time="0.025199"/>
          <testcase name="testGetBalance" class="Bavix\WalletBench\Test\Units\SoloTest" classname="Bavix.WalletBench.Test.Units.SoloTest" file="/Users/babichev/projects/laravel-wallet-benchmark/tests/Units/SoloTest.php" line="17" assertions="1" time="0.023239"/>
          <testcase name="testGetBalance" class="Bavix\WalletBench\Test\Units\SoloTest" classname="Bavix.WalletBench.Test.Units.SoloTest" file="/Users/babichev/projects/laravel-wallet-benchmark/tests/Units/SoloTest.php" line="17" assertions="1" time="0.024228"/>
          <testcase name="testGetBalance" class="Bavix\WalletBench\Test\Units\SoloTest" classname="Bavix.WalletBench.Test.Units.SoloTest" file="/Users/babichev/projects/laravel-wallet-benchmark/tests/Units/SoloTest.php" line="17" assertions="1" time="0.023452"/>
          <testcase name="testGetBalance" class="Bavix\WalletBench\Test\Units\SoloTest" classname="Bavix.WalletBench.Test.Units.SoloTest" file="/Users/babichev/projects/laravel-wallet-benchmark/tests/Units/SoloTest.php" line="17" assertions="1" time="0.023187"/>
          <testcase name="testGetBalance" class="Bavix\WalletBench\Test\Units\SoloTest" classname="Bavix.WalletBench.Test.Units.SoloTest" file="/Users/babichev/projects/laravel-wallet-benchmark/tests/Units/SoloTest.php" line="17" assertions="1" time="0.022128"/>
          <testcase name="testGetBalance" class="Bavix\WalletBench\Test\Units\SoloTest" classname="Bavix.WalletBench.Test.Units.SoloTest" file="/Users/babichev/projects/laravel-wallet-benchmark/tests/Units/SoloTest.php" line="17" assertions="1" time="0.025412"/>
          <testcase name="testGetBalance" class="Bavix\WalletBench\Test\Units\SoloTest" classname="Bavix.WalletBench.Test.Units.SoloTest" file="/Users/babichev/projects/laravel-wallet-benchmark/tests/Units/SoloTest.php" line="17" assertions="1" time="0.023194"/>
          <testcase name="testGetBalance" class="Bavix\WalletBench\Test\Units\SoloTest" classname="Bavix.WalletBench.Test.Units.SoloTest" file="/Users/babichev/projects/laravel-wallet-benchmark/tests/Units/SoloTest.php" line="17" assertions="1" time="0.023680"/>
          <testcase name="testGetBalance" class="Bavix\WalletBench\Test\Units\SoloTest" classname="Bavix.WalletBench.Test.Units.SoloTest" file="/Users/babichev/projects/laravel-wallet-benchmark/tests/Units/SoloTest.php" line="17" assertions="1" time="0.024867"/>
          <testcase name="testGetBalance" class="Bavix\WalletBench\Test\Units\SoloTest" classname="Bavix.WalletBench.Test.Units.SoloTest" file="/Users/babichev/projects/laravel-wallet-benchmark/tests/Units/SoloTest.php" line="17" assertions="1" time="0.022828"/>
          <testcase name="testGetBalance" class="Bavix\WalletBench\Test\Units\SoloTest" classname="Bavix.WalletBench.Test.Units.SoloTest" file="/Users/babichev/projects/laravel-wallet-benchmark/tests/Units/SoloTest.php" line="17" assertions="1" time="0.023216"/>
          <testcase name="testGetBalance" class="Bavix\WalletBench\Test\Units\SoloTest" classname="Bavix.WalletBench.Test.Units.SoloTest" file="/Users/babichev/projects/laravel-wallet-benchmark/tests/Units/SoloTest.php" line="17" assertions="1" time="0.023193"/>
          <testcase name="testGetBalance" class="Bavix\WalletBench\Test\Units\SoloTest" classname="Bavix.WalletBench.Test.Units.SoloTest" file="/Users/babichev/projects/laravel-wallet-benchmark/tests/Units/SoloTest.php" line="17" assertions="1" time="0.023408"/>
          <testcase name="testGetBalance" class="Bavix\WalletBench\Test\Units\SoloTest" classname="Bavix.WalletBench.Test.Units.SoloTest" file="/Users/babichev/projects/laravel-wallet-benchmark/tests/Units/SoloTest.php" line="17" assertions="1" time="0.024254"/>
          <testcase name="testGetBalance" class="Bavix\WalletBench\Test\Units\SoloTest" classname="Bavix.WalletBench.Test.Units.SoloTest" file="/Users/babichev/projects/laravel-wallet-benchmark/tests/Units/SoloTest.php" line="17" assertions="1" time="0.023726"/>
          <testcase name="testGetBalance" class="Bavix\WalletBench\Test\Units\SoloTest" classname="Bavix.WalletBench.Test.Units.SoloTest" file="/Users/babichev/projects/laravel-wallet-benchmark/tests/Units/SoloTest.php" line="17" assertions="1" time="0.023918"/>
          <testcase name="testGetBalance" class="Bavix\WalletBench\Test\Units\SoloTest" classname="Bavix.WalletBench.Test.Units.SoloTest" file="/Users/babichev/projects/laravel-wallet-benchmark/tests/Units/SoloTest.php" line="17" assertions="1" time="0.022808"/>
          <testcase name="testGetBalance" class="Bavix\WalletBench\Test\Units\SoloTest" classname="Bavix.WalletBench.Test.Units.SoloTest" file="/Users/babichev/projects/laravel-wallet-benchmark/tests/Units/SoloTest.php" line="17" assertions="1" time="0.023830"/>
          <testcase name="testGetBalance" class="Bavix\WalletBench\Test\Units\SoloTest" classname="Bavix.WalletBench.Test.Units.SoloTest" file="/Users/babichev/projects/laravel-wallet-benchmark/tests/Units/SoloTest.php" line="17" assertions="1" time="0.022460"/>
          <testcase name="testGetBalance" class="Bavix\WalletBench\Test\Units\SoloTest" classname="Bavix.WalletBench.Test.Units.SoloTest" file="/Users/babichev/projects/laravel-wallet-benchmark/tests/Units/SoloTest.php" line="17" assertions="1" time="0.022824"/>
          <testcase name="testGetBalance" class="Bavix\WalletBench\Test\Units\SoloTest" classname="Bavix.WalletBench.Test.Units.SoloTest" file="/Users/babichev/projects/laravel-wallet-benchmark/tests/Units/SoloTest.php" line="17" assertions="1" time="0.023223"/>
          <testcase name="testGetBalance" class="Bavix\WalletBench\Test\Units\SoloTest" classname="Bavix.WalletBench.Test.Units.SoloTest" file="/Users/babichev/projects/laravel-wallet-benchmark/tests/Units/SoloTest.php" line="17" assertions="1" time="0.024444"/>
          <testcase name="testGetBalance" class="Bavix\WalletBench\Test\Units\SoloTest" classname="Bavix.WalletBench.Test.Units.SoloTest" file="/Users/babichev/projects/laravel-wallet-benchmark/tests/Units/SoloTest.php" line="17" assertions="1" time="0.023527"/>
          <testcase name="testGetBalance" class="Bavix\WalletBench\Test\Units\SoloTest" classname="Bavix.WalletBench.Test.Units.SoloTest" file="/Users/babichev/projects/laravel-wallet-benchmark/tests/Units/SoloTest.php" line="17" assertions="1" time="0.023486"/>
          <testcase name="testGetBalance" class="Bavix\WalletBench\Test\Units\SoloTest" classname="Bavix.WalletBench.Test.Units.SoloTest" file="/Users/babichev/projects/laravel-wallet-benchmark/tests/Units/SoloTest.php" line="17" assertions="1" time="0.023084"/>
          <testcase name="testGetBalance" class="Bavix\WalletBench\Test\Units\SoloTest" classname="Bavix.WalletBench.Test.Units.SoloTest" file="/Users/babichev/projects/laravel-wallet-benchmark/tests/Units/SoloTest.php" line="17" assertions="1" time="0.024875"/>
          <testcase name="testGetBalance" class="Bavix\WalletBench\Test\Units\SoloTest" classname="Bavix.WalletBench.Test.Units.SoloTest" file="/Users/babichev/projects/laravel-wallet-benchmark/tests/Units/SoloTest.php" line="17" assertions="1" time="0.023182"/>
          <testcase name="testGetBalance" class="Bavix\WalletBench\Test\Units\SoloTest" classname="Bavix.WalletBench.Test.Units.SoloTest" file="/Users/babichev/projects/laravel-wallet-benchmark/tests/Units/SoloTest.php" line="17" assertions="1" time="0.022391"/>
          <testcase name="testGetBalance" class="Bavix\WalletBench\Test\Units\SoloTest" classname="Bavix.WalletBench.Test.Units.SoloTest" file="/Users/babichev/projects/laravel-wallet-benchmark/tests/Units/SoloTest.php" line="17" assertions="1" time="0.024764"/>
          <testcase name="testGetBalance" class="Bavix\WalletBench\Test\Units\SoloTest" classname="Bavix.WalletBench.Test.Units.SoloTest" file="/Users/babichev/projects/laravel-wallet-benchmark/tests/Units/SoloTest.php" line="17" assertions="1" time="0.022413"/>
          <testcase name="testGetBalance" class="Bavix\WalletBench\Test\Units\SoloTest" classname="Bavix.WalletBench.Test.Units.SoloTest" file="/Users/babichev/projects/laravel-wallet-benchmark/tests/Units/SoloTest.php" line="17" assertions="1" time="0.022322"/>
          <testcase name="testGetBalance" class="Bavix\WalletBench\Test\Units\SoloTest" classname="Bavix.WalletBench.Test.Units.SoloTest" file="/Users/babichev/projects/laravel-wallet-benchmark/tests/Units/SoloTest.php" line="17" assertions="1" time="0.023722"/>
          <testcase name="testGetBalance" class="Bavix\WalletBench\Test\Units\SoloTest" classname="Bavix.WalletBench.Test.Units.SoloTest" file="/Users/babichev/projects/laravel-wallet-benchmark/tests/Units/SoloTest.php" line="17" assertions="1" time="0.024608"/>
          <testcase name="testGetBalance" class="Bavix\WalletBench\Test\Units\SoloTest" classname="Bavix.WalletBench.Test.Units.SoloTest" file="/Users/babichev/projects/laravel-wallet-benchmark/tests/Units/SoloTest.php" line="17" assertions="1" time="0.025055"/>
          <testcase name="testGetBalance" class="Bavix\WalletBench\Test\Units\SoloTest" classname="Bavix.WalletBench.Test.Units.SoloTest" file="/Users/babichev/projects/laravel-wallet-benchmark/tests/Units/SoloTest.php" line="17" assertions="1" time="0.022475"/>
          <testcase name="testGetBalance" class="Bavix\WalletBench\Test\Units\SoloTest" classname="Bavix.WalletBench.Test.Units.SoloTest" file="/Users/babichev/projects/laravel-wallet-benchmark/tests/Units/SoloTest.php" line="17" assertions="1" time="0.025978"/>
          <testcase name="testGetBalance" class="Bavix\WalletBench\Test\Units\SoloTest" classname="Bavix.WalletBench.Test.Units.SoloTest" file="/Users/babichev/projects/laravel-wallet-benchmark/tests/Units/SoloTest.php" line="17" assertions="1" time="0.023614"/>
          <testcase name="testGetBalance" class="Bavix\WalletBench\Test\Units\SoloTest" classname="Bavix.WalletBench.Test.Units.SoloTest" file="/Users/babichev/projects/laravel-wallet-benchmark/tests/Units/SoloTest.php" line="17" assertions="1" time="0.023366"/>
          <testcase name="testGetBalance" class="Bavix\WalletBench\Test\Units\SoloTest" classname="Bavix.WalletBench.Test.Units.SoloTest" file="/Users/babichev/projects/laravel-wallet-benchmark/tests/Units/SoloTest.php" line="17" assertions="1" time="0.024528"/>
          <testcase name="testGetBalance" class="Bavix\WalletBench\Test\Units\SoloTest" classname="Bavix.WalletBench.Test.Units.SoloTest" file="/Users/babichev/projects/laravel-wallet-benchmark/tests/Units/SoloTest.php" line="17" assertions="1" time="0.023134"/>
          <testcase name="testGetBalance" class="Bavix\WalletBench\Test\Units\SoloTest" classname="Bavix.WalletBench.Test.Units.SoloTest" file="/Users/babichev/projects/laravel-wallet-benchmark/tests/Units/SoloTest.php" line="17" assertions="1" time="0.024113"/>
          <testcase name="testGetBalance" class="Bavix\WalletBench\Test\Units\SoloTest" classname="Bavix.WalletBench.Test.Units.SoloTest" file="/Users/babichev/projects/laravel-wallet-benchmark/tests/Units/SoloTest.php" line="17" assertions="1" time="0.022700"/>
          <testcase name="testGetBalance" class="Bavix\WalletBench\Test\Units\SoloTest" classname="Bavix.WalletBench.Test.Units.SoloTest" file="/Users/babichev/projects/laravel-wallet-benchmark/tests/Units/SoloTest.php" line="17" assertions="1" time="0.023718"/>
          <testcase name="testGetBalance" class="Bavix\WalletBench\Test\Units\SoloTest" classname="Bavix.WalletBench.Test.Units.SoloTest" file="/Users/babichev/projects/laravel-wallet-benchmark/tests/Units/SoloTest.php" line="17" assertions="1" time="0.023477"/>
          <testcase name="testGetBalance" class="Bavix\WalletBench\Test\Units\SoloTest" classname="Bavix.WalletBench.Test.Units.SoloTest" file="/Users/babichev/projects/laravel-wallet-benchmark/tests/Units/SoloTest.php" line="17" assertions="1" time="0.024707"/>
          <testcase name="testGetBalance" class="Bavix\WalletBench\Test\Units\SoloTest" classname="Bavix.WalletBench.Test.Units.SoloTest" file="/Users/babichev/projects/laravel-wallet-benchmark/tests/Units/SoloTest.php" line="17" assertions="1" time="0.023910"/>
          <testcase name="testGetBalance" class="Bavix\WalletBench\Test\Units\SoloTest" classname="Bavix.WalletBench.Test.Units.SoloTest" file="/Users/babichev/projects/laravel-wallet-benchmark/tests/Units/SoloTest.php" line="17" assertions="1" time="0.022606"/>
          <testcase name="testGetBalance" class="Bavix\WalletBench\Test\Units\SoloTest" classname="Bavix.WalletBench.Test.Units.SoloTest" file="/Users/babichev/projects/laravel-wallet-benchmark/tests/Units/SoloTest.php" line="17" assertions="1" time="0.024302"/>
          <testcase name="testGetBalance" class="Bavix\WalletBench\Test\Units\SoloTest" classname="Bavix.WalletBench.Test.Units.SoloTest" file="/Users/babichev/projects/laravel-wallet-benchmark/tests/Units/SoloTest.php" line="17" assertions="1" time="0.022269"/>
          <testcase name="testGetBalance" class="Bavix\WalletBench\Test\Units\SoloTest" classname="Bavix.WalletBench.Test.Units.SoloTest" file="/Users/babichev/projects/laravel-wallet-benchmark/tests/Units/SoloTest.php" line="17" assertions="1" time="0.043033"/>
          <testcase name="testGetBalance" class="Bavix\WalletBench\Test\Units\SoloTest" classname="Bavix.WalletBench.Test.Units.SoloTest" file="/Users/babichev/projects/laravel-wallet-benchmark/tests/Units/SoloTest.php" line="17" assertions="1" time="0.025912"/>
          <testcase name="testGetBalance" class="Bavix\WalletBench\Test\Units\SoloTest" classname="Bavix.WalletBench.Test.Units.SoloTest" file="/Users/babichev/projects/laravel-wallet-benchmark/tests/Units/SoloTest.php" line="17" assertions="1" time="0.025264"/>
          <testcase name="testGetBalance" class="Bavix\WalletBench\Test\Units\SoloTest" classname="Bavix.WalletBench.Test.Units.SoloTest" file="/Users/babichev/projects/laravel-wallet-benchmark/tests/Units/SoloTest.php" line="17" assertions="1" time="0.024237"/>
          <testcase name="testGetBalance" class="Bavix\WalletBench\Test\Units\SoloTest" classname="Bavix.WalletBench.Test.Units.SoloTest" file="/Users/babichev/projects/laravel-wallet-benchmark/tests/Units/SoloTest.php" line="17" assertions="1" time="0.023807"/>
          <testcase name="testGetBalance" class="Bavix\WalletBench\Test\Units\SoloTest" classname="Bavix.WalletBench.Test.Units.SoloTest" file="/Users/babichev/projects/laravel-wallet-benchmark/tests/Units/SoloTest.php" line="17" assertions="1" time="0.023797"/>
          <testcase name="testGetBalance" class="Bavix\WalletBench\Test\Units\SoloTest" classname="Bavix.WalletBench.Test.Units.SoloTest" file="/Users/babichev/projects/laravel-wallet-benchmark/tests/Units/SoloTest.php" line="17" assertions="1" time="0.021404"/>
          <testcase name="testGetBalance" class="Bavix\WalletBench\Test\Units\SoloTest" classname="Bavix.WalletBench.Test.Units.SoloTest" file="/Users/babichev/projects/laravel-wallet-benchmark/tests/Units/SoloTest.php" line="17" assertions="1" time="0.023418"/>
          <testcase name="testGetBalance" class="Bavix\WalletBench\Test\Units\SoloTest" classname="Bavix.WalletBench.Test.Units.SoloTest" file="/Users/babichev/projects/laravel-wallet-benchmark/tests/Units/SoloTest.php" line="17" assertions="1" time="0.027116"/>
          <testcase name="testGetBalance" class="Bavix\WalletBench\Test\Units\SoloTest" classname="Bavix.WalletBench.Test.Units.SoloTest" file="/Users/babichev/projects/laravel-wallet-benchmark/tests/Units/SoloTest.php" line="17" assertions="1" time="0.023113"/>
          <testcase name="testGetBalance" class="Bavix\WalletBench\Test\Units\SoloTest" classname="Bavix.WalletBench.Test.Units.SoloTest" file="/Users/babichev/projects/laravel-wallet-benchmark/tests/Units/SoloTest.php" line="17" assertions="1" time="0.023103"/>
          <testcase name="testGetBalance" class="Bavix\WalletBench\Test\Units\SoloTest" classname="Bavix.WalletBench.Test.Units.SoloTest" file="/Users/babichev/projects/laravel-wallet-benchmark/tests/Units/SoloTest.php" line="17" assertions="1" time="0.024191"/>
          <testcase name="testGetBalance" class="Bavix\WalletBench\Test\Units\SoloTest" classname="Bavix.WalletBench.Test.Units.SoloTest" file="/Users/babichev/projects/laravel-wallet-benchmark/tests/Units/SoloTest.php" line="17" assertions="1" time="0.023377"/>
          <testcase name="testGetBalance" class="Bavix\WalletBench\Test\Units\SoloTest" classname="Bavix.WalletBench.Test.Units.SoloTest" file="/Users/babichev/projects/laravel-wallet-benchmark/tests/Units/SoloTest.php" line="17" assertions="1" time="0.025566"/>
          <testcase name="testGetBalance" class="Bavix\WalletBench\Test\Units\SoloTest" classname="Bavix.WalletBench.Test.Units.SoloTest" file="/Users/babichev/projects/laravel-wallet-benchmark/tests/Units/SoloTest.php" line="17" assertions="1" time="0.024385"/>
          <testcase name="testGetBalance" class="Bavix\WalletBench\Test\Units\SoloTest" classname="Bavix.WalletBench.Test.Units.SoloTest" file="/Users/babichev/projects/laravel-wallet-benchmark/tests/Units/SoloTest.php" line="17" assertions="1" time="0.024400"/>
          <testcase name="testGetBalance" class="Bavix\WalletBench\Test\Units\SoloTest" classname="Bavix.WalletBench.Test.Units.SoloTest" file="/Users/babichev/projects/laravel-wallet-benchmark/tests/Units/SoloTest.php" line="17" assertions="1" time="0.022910"/>
          <testcase name="testGetBalance" class="Bavix\WalletBench\Test\Units\SoloTest" classname="Bavix.WalletBench.Test.Units.SoloTest" file="/Users/babichev/projects/laravel-wallet-benchmark/tests/Units/SoloTest.php" line="17" assertions="1" time="0.024856"/>
          <testcase name="testGetBalance" class="Bavix\WalletBench\Test\Units\SoloTest" classname="Bavix.WalletBench.Test.Units.SoloTest" file="/Users/babichev/projects/laravel-wallet-benchmark/tests/Units/SoloTest.php" line="17" assertions="1" time="0.022753"/>
          <testcase name="testGetBalance" class="Bavix\WalletBench\Test\Units\SoloTest" classname="Bavix.WalletBench.Test.Units.SoloTest" file="/Users/babichev/projects/laravel-wallet-benchmark/tests/Units/SoloTest.php" line="17" assertions="1" time="0.023715"/>
          <testcase name="testGetBalance" class="Bavix\WalletBench\Test\Units\SoloTest" classname="Bavix.WalletBench.Test.Units.SoloTest" file="/Users/babichev/projects/laravel-wallet-benchmark/tests/Units/SoloTest.php" line="17" assertions="1" time="0.024300"/>
          <testcase name="testGetBalance" class="Bavix\WalletBench\Test\Units\SoloTest" classname="Bavix.WalletBench.Test.Units.SoloTest" file="/Users/babichev/projects/laravel-wallet-benchmark/tests/Units/SoloTest.php" line="17" assertions="1" time="0.023235"/>
          <testcase name="testGetBalance" class="Bavix\WalletBench\Test\Units\SoloTest" classname="Bavix.WalletBench.Test.Units.SoloTest" file="/Users/babichev/projects/laravel-wallet-benchmark/tests/Units/SoloTest.php" line="17" assertions="1" time="0.024688"/>
          <testcase name="testGetBalance" class="Bavix\WalletBench\Test\Units\SoloTest" classname="Bavix.WalletBench.Test.Units.SoloTest" file="/Users/babichev/projects/laravel-wallet-benchmark/tests/Units/SoloTest.php" line="17" assertions="1" time="0.024915"/>
          <testcase name="testGetBalance" class="Bavix\WalletBench\Test\Units\SoloTest" classname="Bavix.WalletBench.Test.Units.SoloTest" file="/Users/babichev/projects/laravel-wallet-benchmark/tests/Units/SoloTest.php" line="17" assertions="1" time="0.023155"/>
          <testcase name="testGetBalance" class="Bavix\WalletBench\Test\Units\SoloTest" classname="Bavix.WalletBench.Test.Units.SoloTest" file="/Users/babichev/projects/laravel-wallet-benchmark/tests/Units/SoloTest.php" line="17" assertions="1" time="0.021672"/>
          <testcase name="testGetBalance" class="Bavix\WalletBench\Test\Units\SoloTest" classname="Bavix.WalletBench.Test.Units.SoloTest" file="/Users/babichev/projects/laravel-wallet-benchmark/tests/Units/SoloTest.php" line="17" assertions="1" time="0.024016"/>
          <testcase name="testGetBalance" class="Bavix\WalletBench\Test\Units\SoloTest" classname="Bavix.WalletBench.Test.Units.SoloTest" file="/Users/babichev/projects/laravel-wallet-benchmark/tests/Units/SoloTest.php" line="17" assertions="1" time="0.022556"/>
          <testcase name="testGetBalance" class="Bavix\WalletBench\Test\Units\SoloTest" classname="Bavix.WalletBench.Test.Units.SoloTest" file="/Users/babichev/projects/laravel-wallet-benchmark/tests/Units/SoloTest.php" line="17" assertions="1" time="0.024165"/>
          <testcase name="testGetBalance" class="Bavix\WalletBench\Test\Units\SoloTest" classname="Bavix.WalletBench.Test.Units.SoloTest" file="/Users/babichev/projects/laravel-wallet-benchmark/tests/Units/SoloTest.php" line="17" assertions="1" time="0.021811"/>
          <testcase name="testGetBalance" class="Bavix\WalletBench\Test\Units\SoloTest" classname="Bavix.WalletBench.Test.Units.SoloTest" file="/Users/babichev/projects/laravel-wallet-benchmark/tests/Units/SoloTest.php" line="17" assertions="1" time="0.024339"/>
          <testcase name="testGetBalance" class="Bavix\WalletBench\Test\Units\SoloTest" classname="Bavix.WalletBench.Test.Units.SoloTest" file="/Users/babichev/projects/laravel-wallet-benchmark/tests/Units/SoloTest.php" line="17" assertions="1" time="0.023093"/>
          <testcase name="testGetBalance" class="Bavix\WalletBench\Test\Units\SoloTest" classname="Bavix.WalletBench.Test.Units.SoloTest" file="/Users/babichev/projects/laravel-wallet-benchmark/tests/Units/SoloTest.php" line="17" assertions="1" time="0.023996"/>
          <testcase name="testGetBalance" class="Bavix\WalletBench\Test\Units\SoloTest" classname="Bavix.WalletBench.Test.Units.SoloTest" file="/Users/babichev/projects/laravel-wallet-benchmark/tests/Units/SoloTest.php" line="17" assertions="1" time="0.024526"/>
          <testcase name="testGetBalance" class="Bavix\WalletBench\Test\Units\SoloTest" classname="Bavix.WalletBench.Test.Units.SoloTest" file="/Users/babichev/projects/laravel-wallet-benchmark/tests/Units/SoloTest.php" line="17" assertions="1" time="0.026030"/>
          <testcase name="testGetBalance" class="Bavix\WalletBench\Test\Units\SoloTest" classname="Bavix.WalletBench.Test.Units.SoloTest" file="/Users/babichev/projects/laravel-wallet-benchmark/tests/Units/SoloTest.php" line="17" assertions="1" time="0.023460"/>
          <testcase name="testGetBalance" class="Bavix\WalletBench\Test\Units\SoloTest" classname="Bavix.WalletBench.Test.Units.SoloTest" file="/Users/babichev/projects/laravel-wallet-benchmark/tests/Units/SoloTest.php" line="17" assertions="1" time="0.024082"/>
          <testcase name="testGetBalance" class="Bavix\WalletBench\Test\Units\SoloTest" classname="Bavix.WalletBench.Test.Units.SoloTest" file="/Users/babichev/projects/laravel-wallet-benchmark/tests/Units/SoloTest.php" line="17" assertions="1" time="0.023757"/>
          <testcase name="testGetBalance" class="Bavix\WalletBench\Test\Units\SoloTest" classname="Bavix.WalletBench.Test.Units.SoloTest" file="/Users/babichev/projects/laravel-wallet-benchmark/tests/Units/SoloTest.php" line="17" assertions="1" time="0.022161"/>
          <testcase name="testGetBalance" class="Bavix\WalletBench\Test\Units\SoloTest" classname="Bavix.WalletBench.Test.Units.SoloTest" file="/Users/babichev/projects/laravel-wallet-benchmark/tests/Units/SoloTest.php" line="17" assertions="1" time="0.024197"/>
          <testcase name="testGetBalance" class="Bavix\WalletBench\Test\Units\SoloTest" classname="Bavix.WalletBench.Test.Units.SoloTest" file="/Users/babichev/projects/laravel-wallet-benchmark/tests/Units/SoloTest.php" line="17" assertions="1" time="0.023719"/>
          <testcase name="testGetBalance" class="Bavix\WalletBench\Test\Units\SoloTest" classname="Bavix.WalletBench.Test.Units.SoloTest" file="/Users/babichev/projects/laravel-wallet-benchmark/tests/Units/SoloTest.php" line="17" assertions="1" time="0.023069"/>
          <testcase name="testGetBalance" class="Bavix\WalletBench\Test\Units\SoloTest" classname="Bavix.WalletBench.Test.Units.SoloTest" file="/Users/babichev/projects/laravel-wallet-benchmark/tests/Units/SoloTest.php" line="17" assertions="1" time="0.022474"/>
          <testcase name="testGetBalance" class="Bavix\WalletBench\Test\Units\SoloTest" classname="Bavix.WalletBench.Test.Units.SoloTest" file="/Users/babichev/projects/laravel-wallet-benchmark/tests/Units/SoloTest.php" line="17" assertions="1" time="0.023299"/>
          <testcase name="testGetBalance" class="Bavix\WalletBench\Test\Units\SoloTest" classname="Bavix.WalletBench.Test.Units.SoloTest" file="/Users/babichev/projects/laravel-wallet-benchmark/tests/Units/SoloTest.php" line="17" assertions="1" time="0.022573"/>
          <testcase name="testGetBalance" class="Bavix\WalletBench\Test\Units\SoloTest" classname="Bavix.WalletBench.Test.Units.SoloTest" file="/Users/babichev/projects/laravel-wallet-benchmark/tests/Units/SoloTest.php" line="17" assertions="1" time="0.022849"/>
          <testcase name="testGetBalance" class="Bavix\WalletBench\Test\Units\SoloTest" classname="Bavix.WalletBench.Test.Units.SoloTest" file="/Users/babichev/projects/laravel-wallet-benchmark/tests/Units/SoloTest.php" line="17" assertions="1" time="0.022504"/>
          <testcase name="testGetBalance" class="Bavix\WalletBench\Test\Units\SoloTest" classname="Bavix.WalletBench.Test.Units.SoloTest" file="/Users/babichev/projects/laravel-wallet-benchmark/tests/Units/SoloTest.php" line="17" assertions="1" time="0.024168"/>
          <testcase name="testGetBalance" class="Bavix\WalletBench\Test\Units\SoloTest" classname="Bavix.WalletBench.Test.Units.SoloTest" file="/Users/babichev/projects/laravel-wallet-benchmark/tests/Units/SoloTest.php" line="17" assertions="1" time="0.024726"/>
          <testcase name="testGetBalance" class="Bavix\WalletBench\Test\Units\SoloTest" classname="Bavix.WalletBench.Test.Units.SoloTest" file="/Users/babichev/projects/laravel-wallet-benchmark/tests/Units/SoloTest.php" line="17" assertions="1" time="0.023630"/>
          <testcase name="testGetBalance" class="Bavix\WalletBench\Test\Units\SoloTest" classname="Bavix.WalletBench.Test.Units.SoloTest" file="/Users/babichev/projects/laravel-wallet-benchmark/tests/Units/SoloTest.php" line="17" assertions="1" time="0.024004"/>
          <testcase name="testGetBalance" class="Bavix\WalletBench\Test\Units\SoloTest" classname="Bavix.WalletBench.Test.Units.SoloTest" file="/Users/babichev/projects/laravel-wallet-benchmark/tests/Units/SoloTest.php" line="17" assertions="1" time="0.024029"/>
          <testcase name="testGetBalance" class="Bavix\WalletBench\Test\Units\SoloTest" classname="Bavix.WalletBench.Test.Units.SoloTest" file="/Users/babichev/projects/laravel-wallet-benchmark/tests/Units/SoloTest.php" line="17" assertions="1" time="0.025541"/>
          <testcase name="testGetBalance" class="Bavix\WalletBench\Test\Units\SoloTest" classname="Bavix.WalletBench.Test.Units.SoloTest" file="/Users/babichev/projects/laravel-wallet-benchmark/tests/Units/SoloTest.php" line="17" assertions="1" time="0.022564"/>
          <testcase name="testGetBalance" class="Bavix\WalletBench\Test\Units\SoloTest" classname="Bavix.WalletBench.Test.Units.SoloTest" file="/Users/babichev/projects/laravel-wallet-benchmark/tests/Units/SoloTest.php" line="17" assertions="1" time="0.023834"/>
          <testcase name="testGetBalance" class="Bavix\WalletBench\Test\Units\SoloTest" classname="Bavix.WalletBench.Test.Units.SoloTest" file="/Users/babichev/projects/laravel-wallet-benchmark/tests/Units/SoloTest.php" line="17" assertions="1" time="0.023607"/>
          <testcase name="testGetBalance" class="Bavix\WalletBench\Test\Units\SoloTest" classname="Bavix.WalletBench.Test.Units.SoloTest" file="/Users/babichev/projects/laravel-wallet-benchmark/tests/Units/SoloTest.php" line="17" assertions="1" time="0.024441"/>
          <testcase name="testGetBalance" class="Bavix\WalletBench\Test\Units\SoloTest" classname="Bavix.WalletBench.Test.Units.SoloTest" file="/Users/babichev/projects/laravel-wallet-benchmark/tests/Units/SoloTest.php" line="17" assertions="1" time="0.024348"/>
          <testcase name="testGetBalance" class="Bavix\WalletBench\Test\Units\SoloTest" classname="Bavix.WalletBench.Test.Units.SoloTest" file="/Users/babichev/projects/laravel-wallet-benchmark/tests/Units/SoloTest.php" line="17" assertions="1" time="0.023227"/>
          <testcase name="testGetBalance" class="Bavix\WalletBench\Test\Units\SoloTest" classname="Bavix.WalletBench.Test.Units.SoloTest" file="/Users/babichev/projects/laravel-wallet-benchmark/tests/Units/SoloTest.php" line="17" assertions="1" time="0.022515"/>
          <testcase name="testGetBalance" class="Bavix\WalletBench\Test\Units\SoloTest" classname="Bavix.WalletBench.Test.Units.SoloTest" file="/Users/babichev/projects/laravel-wallet-benchmark/tests/Units/SoloTest.php" line="17" assertions="1" time="0.023373"/>
          <testcase name="testGetBalance" class="Bavix\WalletBench\Test\Units\SoloTest" classname="Bavix.WalletBench.Test.Units.SoloTest" file="/Users/babichev/projects/laravel-wallet-benchmark/tests/Units/SoloTest.php" line="17" assertions="1" time="0.023976"/>
          <testcase name="testGetBalance" class="Bavix\WalletBench\Test\Units\SoloTest" classname="Bavix.WalletBench.Test.Units.SoloTest" file="/Users/babichev/projects/laravel-wallet-benchmark/tests/Units/SoloTest.php" line="17" assertions="1" time="0.022445"/>
          <testcase name="testGetBalance" class="Bavix\WalletBench\Test\Units\SoloTest" classname="Bavix.WalletBench.Test.Units.SoloTest" file="/Users/babichev/projects/laravel-wallet-benchmark/tests/Units/SoloTest.php" line="17" assertions="1" time="0.024072"/>
          <testcase name="testGetBalance" class="Bavix\WalletBench\Test\Units\SoloTest" classname="Bavix.WalletBench.Test.Units.SoloTest" file="/Users/babichev/projects/laravel-wallet-benchmark/tests/Units/SoloTest.php" line="17" assertions="1" time="0.023950"/>
          <testcase name="testGetBalance" class="Bavix\WalletBench\Test\Units\SoloTest" classname="Bavix.WalletBench.Test.Units.SoloTest" file="/Users/babichev/projects/laravel-wallet-benchmark/tests/Units/SoloTest.php" line="17" assertions="1" time="0.023846"/>
          <testcase name="testGetBalance" class="Bavix\WalletBench\Test\Units\SoloTest" classname="Bavix.WalletBench.Test.Units.SoloTest" file="/Users/babichev/projects/laravel-wallet-benchmark/tests/Units/SoloTest.php" line="17" assertions="1" time="0.026471"/>
          <testcase name="testGetBalance" class="Bavix\WalletBench\Test\Units\SoloTest" classname="Bavix.WalletBench.Test.Units.SoloTest" file="/Users/babichev/projects/laravel-wallet-benchmark/tests/Units/SoloTest.php" line="17" assertions="1" time="0.022731"/>
          <testcase name="testGetBalance" class="Bavix\WalletBench\Test\Units\SoloTest" classname="Bavix.WalletBench.Test.Units.SoloTest" file="/Users/babichev/projects/laravel-wallet-benchmark/tests/Units/SoloTest.php" line="17" assertions="1" time="0.023093"/>
          <testcase name="testGetBalance" class="Bavix\WalletBench\Test\Units\SoloTest" classname="Bavix.WalletBench.Test.Units.SoloTest" file="/Users/babichev/projects/laravel-wallet-benchmark/tests/Units/SoloTest.php" line="17" assertions="1" time="0.023454"/>
          <testcase name="testGetBalance" class="Bavix\WalletBench\Test\Units\SoloTest" classname="Bavix.WalletBench.Test.Units.SoloTest" file="/Users/babichev/projects/laravel-wallet-benchmark/tests/Units/SoloTest.php" line="17" assertions="1" time="0.022264"/>
          <testcase name="testGetBalance" class="Bavix\WalletBench\Test\Units\SoloTest" classname="Bavix.WalletBench.Test.Units.SoloTest" file="/Users/babichev/projects/laravel-wallet-benchmark/tests/Units/SoloTest.php" line="17" assertions="1" time="0.023390"/>
          <testcase name="testGetBalance" class="Bavix\WalletBench\Test\Units\SoloTest" classname="Bavix.WalletBench.Test.Units.SoloTest" file="/Users/babichev/projects/laravel-wallet-benchmark/tests/Units/SoloTest.php" line="17" assertions="1" time="0.022093"/>
          <testcase name="testGetBalance" class="Bavix\WalletBench\Test\Units\SoloTest" classname="Bavix.WalletBench.Test.Units.SoloTest" file="/Users/babichev/projects/laravel-wallet-benchmark/tests/Units/SoloTest.php" line="17" assertions="1" time="0.024515"/>
          <testcase name="testGetBalance" class="Bavix\WalletBench\Test\Units\SoloTest" classname="Bavix.WalletBench.Test.Units.SoloTest" file="/Users/babichev/projects/laravel-wallet-benchmark/tests/Units/SoloTest.php" line="17" assertions="1" time="0.024174"/>
          <testcase name="testGetBalance" class="Bavix\WalletBench\Test\Units\SoloTest" classname="Bavix.WalletBench.Test.Units.SoloTest" file="/Users/babichev/projects/laravel-wallet-benchmark/tests/Units/SoloTest.php" line="17" assertions="1" time="0.023468"/>
          <testcase name="testGetBalance" class="Bavix\WalletBench\Test\Units\SoloTest" classname="Bavix.WalletBench.Test.Units.SoloTest" file="/Users/babichev/projects/laravel-wallet-benchmark/tests/Units/SoloTest.php" line="17" assertions="1" time="0.024705"/>
          <testcase name="testGetBalance" class="Bavix\WalletBench\Test\Units\SoloTest" classname="Bavix.WalletBench.Test.Units.SoloTest" file="/Users/babichev/projects/laravel-wallet-benchmark/tests/Units/SoloTest.php" line="17" assertions="1" time="0.023390"/>
          <testcase name="testGetBalance" class="Bavix\WalletBench\Test\Units\SoloTest" classname="Bavix.WalletBench.Test.Units.SoloTest" file="/Users/babichev/projects/laravel-wallet-benchmark/tests/Units/SoloTest.php" line="17" assertions="1" time="0.024398"/>
          <testcase name="testGetBalance" class="Bavix\WalletBench\Test\Units\SoloTest" classname="Bavix.WalletBench.Test.Units.SoloTest" file="/Users/babichev/projects/laravel-wallet-benchmark/tests/Units/SoloTest.php" line="17" assertions="1" time="0.026224"/>
          <testcase name="testGetBalance" class="Bavix\WalletBench\Test\Units\SoloTest" classname="Bavix.WalletBench.Test.Units.SoloTest" file="/Users/babichev/projects/laravel-wallet-benchmark/tests/Units/SoloTest.php" line="17" assertions="1" time="0.023970"/>
          <testcase name="testGetBalance" class="Bavix\WalletBench\Test\Units\SoloTest" classname="Bavix.WalletBench.Test.Units.SoloTest" file="/Users/babichev/projects/laravel-wallet-benchmark/tests/Units/SoloTest.php" line="17" assertions="1" time="0.022871"/>
          <testcase name="testGetBalance" class="Bavix\WalletBench\Test\Units\SoloTest" classname="Bavix.WalletBench.Test.Units.SoloTest" file="/Users/babichev/projects/laravel-wallet-benchmark/tests/Units/SoloTest.php" line="17" assertions="1" time="0.023834"/>
          <testcase name="testGetBalance" class="Bavix\WalletBench\Test\Units\SoloTest" classname="Bavix.WalletBench.Test.Units.SoloTest" file="/Users/babichev/projects/laravel-wallet-benchmark/tests/Units/SoloTest.php" line="17" assertions="1" time="0.022292"/>
          <testcase name="testGetBalance" class="Bavix\WalletBench\Test\Units\SoloTest" classname="Bavix.WalletBench.Test.Units.SoloTest" file="/Users/babichev/projects/laravel-wallet-benchmark/tests/Units/SoloTest.php" line="17" assertions="1" time="0.021846"/>
          <testcase name="testGetBalance" class="Bavix\WalletBench\Test\Units\SoloTest" classname="Bavix.WalletBench.Test.Units.SoloTest" file="/Users/babichev/projects/laravel-wallet-benchmark/tests/Units/SoloTest.php" line="17" assertions="1" time="0.022668"/>
          <testcase name="testGetBalance" class="Bavix\WalletBench\Test\Units\SoloTest" classname="Bavix.WalletBench.Test.Units.SoloTest" file="/Users/babichev/projects/laravel-wallet-benchmark/tests/Units/SoloTest.php" line="17" assertions="1" time="0.024614"/>
          <testcase name="testGetBalance" class="Bavix\WalletBench\Test\Units\SoloTest" classname="Bavix.WalletBench.Test.Units.SoloTest" file="/Users/babichev/projects/laravel-wallet-benchmark/tests/Units/SoloTest.php" line="17" assertions="1" time="0.024923"/>
          <testcase name="testGetBalance" class="Bavix\WalletBench\Test\Units\SoloTest" classname="Bavix.WalletBench.Test.Units.SoloTest" file="/Users/babichev/projects/laravel-wallet-benchmark/tests/Units/SoloTest.php" line="17" assertions="1" time="0.023993"/>
          <testcase name="testGetBalance" class="Bavix\WalletBench\Test\Units\SoloTest" classname="Bavix.WalletBench.Test.Units.SoloTest" file="/Users/babichev/projects/laravel-wallet-benchmark/tests/Units/SoloTest.php" line="17" assertions="1" time="0.022513"/>
          <testcase name="testGetBalance" class="Bavix\WalletBench\Test\Units\SoloTest" classname="Bavix.WalletBench.Test.Units.SoloTest" file="/Users/babichev/projects/laravel-wallet-benchmark/tests/Units/SoloTest.php" line="17" assertions="1" time="0.022985"/>
          <testcase name="testGetBalance" class="Bavix\WalletBench\Test\Units\SoloTest" classname="Bavix.WalletBench.Test.Units.SoloTest" file="/Users/babichev/projects/laravel-wallet-benchmark/tests/Units/SoloTest.php" line="17" assertions="1" time="0.024003"/>
          <testcase name="testGetBalance" class="Bavix\WalletBench\Test\Units\SoloTest" classname="Bavix.WalletBench.Test.Units.SoloTest" file="/Users/babichev/projects/laravel-wallet-benchmark/tests/Units/SoloTest.php" line="17" assertions="1" time="0.026836"/>
          <testcase name="testGetBalance" class="Bavix\WalletBench\Test\Units\SoloTest" classname="Bavix.WalletBench.Test.Units.SoloTest" file="/Users/babichev/projects/laravel-wallet-benchmark/tests/Units/SoloTest.php" line="17" assertions="1" time="0.025478"/>
          <testcase name="testGetBalance" class="Bavix\WalletBench\Test\Units\SoloTest" classname="Bavix.WalletBench.Test.Units.SoloTest" file="/Users/babichev/projects/laravel-wallet-benchmark/tests/Units/SoloTest.php" line="17" assertions="1" time="0.023903"/>
          <testcase name="testGetBalance" class="Bavix\WalletBench\Test\Units\SoloTest" classname="Bavix.WalletBench.Test.Units.SoloTest" file="/Users/babichev/projects/laravel-wallet-benchmark/tests/Units/SoloTest.php" line="17" assertions="1" time="0.023555"/>
          <testcase name="testGetBalance" class="Bavix\WalletBench\Test\Units\SoloTest" classname="Bavix.WalletBench.Test.Units.SoloTest" file="/Users/babichev/projects/laravel-wallet-benchmark/tests/Units/SoloTest.php" line="17" assertions="1" time="0.026520"/>
          <testcase name="testGetBalance" class="Bavix\WalletBench\Test\Units\SoloTest" classname="Bavix.WalletBench.Test.Units.SoloTest" file="/Users/babichev/projects/laravel-wallet-benchmark/tests/Units/SoloTest.php" line="17" assertions="1" time="0.024245"/>
          <testcase name="testGetBalance" class="Bavix\WalletBench\Test\Units\SoloTest" classname="Bavix.WalletBench.Test.Units.SoloTest" file="/Users/babichev/projects/laravel-wallet-benchmark/tests/Units/SoloTest.php" line="17" assertions="1" time="0.023235"/>
          <testcase name="testGetBalance" class="Bavix\WalletBench\Test\Units\SoloTest" classname="Bavix.WalletBench.Test.Units.SoloTest" file="/Users/babichev/projects/laravel-wallet-benchmark/tests/Units/SoloTest.php" line="17" assertions="1" time="0.023454"/>
          <testcase name="testGetBalance" class="Bavix\WalletBench\Test\Units\SoloTest" classname="Bavix.WalletBench.Test.Units.SoloTest" file="/Users/babichev/projects/laravel-wallet-benchmark/tests/Units/SoloTest.php" line="17" assertions="1" time="0.024645"/>
          <testcase name="testGetBalance" class="Bavix\WalletBench\Test\Units\SoloTest" classname="Bavix.WalletBench.Test.Units.SoloTest" file="/Users/babichev/projects/laravel-wallet-benchmark/tests/Units/SoloTest.php" line="17" assertions="1" time="0.022665"/>
          <testcase name="testGetBalance" class="Bavix\WalletBench\Test\Units\SoloTest" classname="Bavix.WalletBench.Test.Units.SoloTest" file="/Users/babichev/projects/laravel-wallet-benchmark/tests/Units/SoloTest.php" line="17" assertions="1" time="0.024190"/>
          <testcase name="testGetBalance" class="Bavix\WalletBench\Test\Units\SoloTest" classname="Bavix.WalletBench.Test.Units.SoloTest" file="/Users/babichev/projects/laravel-wallet-benchmark/tests/Units/SoloTest.php" line="17" assertions="1" time="0.024002"/>
          <testcase name="testGetBalance" class="Bavix\WalletBench\Test\Units\SoloTest" classname="Bavix.WalletBench.Test.Units.SoloTest" file="/Users/babichev/projects/laravel-wallet-benchmark/tests/Units/SoloTest.php" line="17" assertions="1" time="0.024116"/>
          <testcase name="testGetBalance" class="Bavix\WalletBench\Test\Units\SoloTest" classname="Bavix.WalletBench.Test.Units.SoloTest" file="/Users/babichev/projects/laravel-wallet-benchmark/tests/Units/SoloTest.php" line="17" assertions="1" time="0.025445"/>
          <testcase name="testGetBalance" class="Bavix\WalletBench\Test\Units\SoloTest" classname="Bavix.WalletBench.Test.Units.SoloTest" file="/Users/babichev/projects/laravel-wallet-benchmark/tests/Units/SoloTest.php" line="17" assertions="1" time="0.024345"/>
          <testcase name="testGetBalance" class="Bavix\WalletBench\Test\Units\SoloTest" classname="Bavix.WalletBench.Test.Units.SoloTest" file="/Users/babichev/projects/laravel-wallet-benchmark/tests/Units/SoloTest.php" line="17" assertions="1" time="0.023776"/>
          <testcase name="testGetBalance" class="Bavix\WalletBench\Test\Units\SoloTest" classname="Bavix.WalletBench.Test.Units.SoloTest" file="/Users/babichev/projects/laravel-wallet-benchmark/tests/Units/SoloTest.php" line="17" assertions="1" time="0.025612"/>
          <testcase name="testGetBalance" class="Bavix\WalletBench\Test\Units\SoloTest" classname="Bavix.WalletBench.Test.Units.SoloTest" file="/Users/babichev/projects/laravel-wallet-benchmark/tests/Units/SoloTest.php" line="17" assertions="1" time="0.023797"/>
          <testcase name="testGetBalance" class="Bavix\WalletBench\Test\Units\SoloTest" classname="Bavix.WalletBench.Test.Units.SoloTest" file="/Users/babichev/projects/laravel-wallet-benchmark/tests/Units/SoloTest.php" line="17" assertions="1" time="0.023106"/>
          <testcase name="testGetBalance" class="Bavix\WalletBench\Test\Units\SoloTest" classname="Bavix.WalletBench.Test.Units.SoloTest" file="/Users/babichev/projects/laravel-wallet-benchmark/tests/Units/SoloTest.php" line="17" assertions="1" time="0.023931"/>
          <testcase name="testGetBalance" class="Bavix\WalletBench\Test\Units\SoloTest" classname="Bavix.WalletBench.Test.Units.SoloTest" file="/Users/babichev/projects/laravel-wallet-benchmark/tests/Units/SoloTest.php" line="17" assertions="1" time="0.022887"/>
          <testcase name="testGetBalance" class="Bavix\WalletBench\Test\Units\SoloTest" classname="Bavix.WalletBench.Test.Units.SoloTest" file="/Users/babichev/projects/laravel-wallet-benchmark/tests/Units/SoloTest.php" line="17" assertions="1" time="0.023554"/>
          <testcase name="testGetBalance" class="Bavix\WalletBench\Test\Units\SoloTest" classname="Bavix.WalletBench.Test.Units.SoloTest" file="/Users/babichev/projects/laravel-wallet-benchmark/tests/Units/SoloTest.php" line="17" assertions="1" time="0.023630"/>
          <testcase name="testGetBalance" class="Bavix\WalletBench\Test\Units\SoloTest" classname="Bavix.WalletBench.Test.Units.SoloTest" file="/Users/babichev/projects/laravel-wallet-benchmark/tests/Units/SoloTest.php" line="17" assertions="1" time="0.023266"/>
          <testcase name="testGetBalance" class="Bavix\WalletBench\Test\Units\SoloTest" classname="Bavix.WalletBench.Test.Units.SoloTest" file="/Users/babichev/projects/laravel-wallet-benchmark/tests/Units/SoloTest.php" line="17" assertions="1" time="0.023118"/>
          <testcase name="testGetBalance" class="Bavix\WalletBench\Test\Units\SoloTest" classname="Bavix.WalletBench.Test.Units.SoloTest" file="/Users/babichev/projects/laravel-wallet-benchmark/tests/Units/SoloTest.php" line="17" assertions="1" time="0.021301"/>
          <testcase name="testGetBalance" class="Bavix\WalletBench\Test\Units\SoloTest" classname="Bavix.WalletBench.Test.Units.SoloTest" file="/Users/babichev/projects/laravel-wallet-benchmark/tests/Units/SoloTest.php" line="17" assertions="1" time="0.026328"/>
          <testcase name="testGetBalance" class="Bavix\WalletBench\Test\Units\SoloTest" classname="Bavix.WalletBench.Test.Units.SoloTest" file="/Users/babichev/projects/laravel-wallet-benchmark/tests/Units/SoloTest.php" line="17" assertions="1" time="0.023134"/>
          <testcase name="testGetBalance" class="Bavix\WalletBench\Test\Units\SoloTest" classname="Bavix.WalletBench.Test.Units.SoloTest" file="/Users/babichev/projects/laravel-wallet-benchmark/tests/Units/SoloTest.php" line="17" assertions="1" time="0.023908"/>
          <testcase name="testGetBalance" class="Bavix\WalletBench\Test\Units\SoloTest" classname="Bavix.WalletBench.Test.Units.SoloTest" file="/Users/babichev/projects/laravel-wallet-benchmark/tests/Units/SoloTest.php" line="17" assertions="1" time="0.022830"/>
          <testcase name="testGetBalance" class="Bavix\WalletBench\Test\Units\SoloTest" classname="Bavix.WalletBench.Test.Units.SoloTest" file="/Users/babichev/projects/laravel-wallet-benchmark/tests/Units/SoloTest.php" line="17" assertions="1" time="0.022544"/>
          <testcase name="testGetBalance" class="Bavix\WalletBench\Test\Units\SoloTest" classname="Bavix.WalletBench.Test.Units.SoloTest" file="/Users/babichev/projects/laravel-wallet-benchmark/tests/Units/SoloTest.php" line="17" assertions="1" time="0.024021"/>
          <testcase name="testGetBalance" class="Bavix\WalletBench\Test\Units\SoloTest" classname="Bavix.WalletBench.Test.Units.SoloTest" file="/Users/babichev/projects/laravel-wallet-benchmark/tests/Units/SoloTest.php" line="17" assertions="1" time="0.024523"/>
          <testcase name="testGetBalance" class="Bavix\WalletBench\Test\Units\SoloTest" classname="Bavix.WalletBench.Test.Units.SoloTest" file="/Users/babichev/projects/laravel-wallet-benchmark/tests/Units/SoloTest.php" line="17" assertions="1" time="0.022669"/>
          <testcase name="testGetBalance" class="Bavix\WalletBench\Test\Units\SoloTest" classname="Bavix.WalletBench.Test.Units.SoloTest" file="/Users/babichev/projects/laravel-wallet-benchmark/tests/Units/SoloTest.php" line="17" assertions="1" time="0.024579"/>
          <testcase name="testGetBalance" class="Bavix\WalletBench\Test\Units\SoloTest" classname="Bavix.WalletBench.Test.Units.SoloTest" file="/Users/babichev/projects/laravel-wallet-benchmark/tests/Units/SoloTest.php" line="17" assertions="1" time="0.023572"/>
          <testcase name="testGetBalance" class="Bavix\WalletBench\Test\Units\SoloTest" classname="Bavix.WalletBench.Test.Units.SoloTest" file="/Users/babichev/projects/laravel-wallet-benchmark/tests/Units/SoloTest.php" line="17" assertions="1" time="0.024424"/>
          <testcase name="testGetBalance" class="Bavix\WalletBench\Test\Units\SoloTest" classname="Bavix.WalletBench.Test.Units.SoloTest" file="/Users/babichev/projects/laravel-wallet-benchmark/tests/Units/SoloTest.php" line="17" assertions="1" time="0.022239"/>
          <testcase name="testGetBalance" class="Bavix\WalletBench\Test\Units\SoloTest" classname="Bavix.WalletBench.Test.Units.SoloTest" file="/Users/babichev/projects/laravel-wallet-benchmark/tests/Units/SoloTest.php" line="17" assertions="1" time="0.022710"/>
          <testcase name="testGetBalance" class="Bavix\WalletBench\Test\Units\SoloTest" classname="Bavix.WalletBench.Test.Units.SoloTest" file="/Users/babichev/projects/laravel-wallet-benchmark/tests/Units/SoloTest.php" line="17" assertions="1" time="0.022638"/>
          <testcase name="testGetBalance" class="Bavix\WalletBench\Test\Units\SoloTest" classname="Bavix.WalletBench.Test.Units.SoloTest" file="/Users/babichev/projects/laravel-wallet-benchmark/tests/Units/SoloTest.php" line="17" assertions="1" time="0.025818"/>
          <testcase name="testGetBalance" class="Bavix\WalletBench\Test\Units\SoloTest" classname="Bavix.WalletBench.Test.Units.SoloTest" file="/Users/babichev/projects/laravel-wallet-benchmark/tests/Units/SoloTest.php" line="17" assertions="1" time="0.025561"/>
          <testcase name="testGetBalance" class="Bavix\WalletBench\Test\Units\SoloTest" classname="Bavix.WalletBench.Test.Units.SoloTest" file="/Users/babichev/projects/laravel-wallet-benchmark/tests/Units/SoloTest.php" line="17" assertions="1" time="0.022826"/>
          <testcase name="testGetBalance" class="Bavix\WalletBench\Test\Units\SoloTest" classname="Bavix.WalletBench.Test.Units.SoloTest" file="/Users/babichev/projects/laravel-wallet-benchmark/tests/Units/SoloTest.php" line="17" assertions="1" time="0.023745"/>
          <testcase name="testGetBalance" class="Bavix\WalletBench\Test\Units\SoloTest" classname="Bavix.WalletBench.Test.Units.SoloTest" file="/Users/babichev/projects/laravel-wallet-benchmark/tests/Units/SoloTest.php" line="17" assertions="1" time="0.024852"/>
          <testcase name="testGetBalance" class="Bavix\WalletBench\Test\Units\SoloTest" classname="Bavix.WalletBench.Test.Units.SoloTest" file="/Users/babichev/projects/laravel-wallet-benchmark/tests/Units/SoloTest.php" line="17" assertions="1" time="0.023525"/>
          <testcase name="testGetBalance" class="Bavix\WalletBench\Test\Units\SoloTest" classname="Bavix.WalletBench.Test.Units.SoloTest" file="/Users/babichev/projects/laravel-wallet-benchmark/tests/Units/SoloTest.php" line="17" assertions="1" time="0.023103"/>
          <testcase name="testGetBalance" class="Bavix\WalletBench\Test\Units\SoloTest" classname="Bavix.WalletBench.Test.Units.SoloTest" file="/Users/babichev/projects/laravel-wallet-benchmark/tests/Units/SoloTest.php" line="17" assertions="1" time="0.022098"/>
          <testcase name="testGetBalance" class="Bavix\WalletBench\Test\Units\SoloTest" classname="Bavix.WalletBench.Test.Units.SoloTest" file="/Users/babichev/projects/laravel-wallet-benchmark/tests/Units/SoloTest.php" line="17" assertions="1" time="0.022605"/>
          <testcase name="testGetBalance" class="Bavix\WalletBench\Test\Units\SoloTest" classname="Bavix.WalletBench.Test.Units.SoloTest" file="/Users/babichev/projects/laravel-wallet-benchmark/tests/Units/SoloTest.php" line="17" assertions="1" time="0.023318"/>
          <testcase name="testGetBalance" class="Bavix\WalletBench\Test\Units\SoloTest" classname="Bavix.WalletBench.Test.Units.SoloTest" file="/Users/babichev/projects/laravel-wallet-benchmark/tests/Units/SoloTest.php" line="17" assertions="1" time="0.021510"/>
          <testcase name="testGetBalance" class="Bavix\WalletBench\Test\Units\SoloTest" classname="Bavix.WalletBench.Test.Units.SoloTest" file="/Users/babichev/projects/laravel-wallet-benchmark/tests/Units/SoloTest.php" line="17" assertions="1" time="0.023475"/>
          <testcase name="testGetBalance" class="Bavix\WalletBench\Test\Units\SoloTest" classname="Bavix.WalletBench.Test.Units.SoloTest" file="/Users/babichev/projects/laravel-wallet-benchmark/tests/Units/SoloTest.php" line="17" assertions="1" time="0.023395"/>
          <testcase name="testGetBalance" class="Bavix\WalletBench\Test\Units\SoloTest" classname="Bavix.WalletBench.Test.Units.SoloTest" file="/Users/babichev/projects/laravel-wallet-benchmark/tests/Units/SoloTest.php" line="17" assertions="1" time="0.024161"/>
          <testcase name="testGetBalance" class="Bavix\WalletBench\Test\Units\SoloTest" classname="Bavix.WalletBench.Test.Units.SoloTest" file="/Users/babichev/projects/laravel-wallet-benchmark/tests/Units/SoloTest.php" line="17" assertions="1" time="0.025121"/>
          <testcase name="testGetBalance" class="Bavix\WalletBench\Test\Units\SoloTest" classname="Bavix.WalletBench.Test.Units.SoloTest" file="/Users/babichev/projects/laravel-wallet-benchmark/tests/Units/SoloTest.php" line="17" assertions="1" time="0.023263"/>
          <testcase name="testGetBalance" class="Bavix\WalletBench\Test\Units\SoloTest" classname="Bavix.WalletBench.Test.Units.SoloTest" file="/Users/babichev/projects/laravel-wallet-benchmark/tests/Units/SoloTest.php" line="17" assertions="1" time="0.021998"/>
          <testcase name="testGetBalance" class="Bavix\WalletBench\Test\Units\SoloTest" classname="Bavix.WalletBench.Test.Units.SoloTest" file="/Users/babichev/projects/laravel-wallet-benchmark/tests/Units/SoloTest.php" line="17" assertions="1" time="0.026108"/>
          <testcase name="testGetBalance" class="Bavix\WalletBench\Test\Units\SoloTest" classname="Bavix.WalletBench.Test.Units.SoloTest" file="/Users/babichev/projects/laravel-wallet-benchmark/tests/Units/SoloTest.php" line="17" assertions="1" time="0.023016"/>
          <testcase name="testGetBalance" class="Bavix\WalletBench\Test\Units\SoloTest" classname="Bavix.WalletBench.Test.Units.SoloTest" file="/Users/babichev/projects/laravel-wallet-benchmark/tests/Units/SoloTest.php" line="17" assertions="1" time="0.023545"/>
          <testcase name="testGetBalance" class="Bavix\WalletBench\Test\Units\SoloTest" classname="Bavix.WalletBench.Test.Units.SoloTest" file="/Users/babichev/projects/laravel-wallet-benchmark/tests/Units/SoloTest.php" line="17" assertions="1" time="0.022886"/>
          <testcase name="testGetBalance" class="Bavix\WalletBench\Test\Units\SoloTest" classname="Bavix.WalletBench.Test.Units.SoloTest" file="/Users/babichev/projects/laravel-wallet-benchmark/tests/Units/SoloTest.php" line="17" assertions="1" time="0.024327"/>
          <testcase name="testGetBalance" class="Bavix\WalletBench\Test\Units\SoloTest" classname="Bavix.WalletBench.Test.Units.SoloTest" file="/Users/babichev/projects/laravel-wallet-benchmark/tests/Units/SoloTest.php" line="17" assertions="1" time="0.024786"/>
          <testcase name="testGetBalance" class="Bavix\WalletBench\Test\Units\SoloTest" classname="Bavix.WalletBench.Test.Units.SoloTest" file="/Users/babichev/projects/laravel-wallet-benchmark/tests/Units/SoloTest.php" line="17" assertions="1" time="0.023141"/>
          <testcase name="testGetBalance" class="Bavix\WalletBench\Test\Units\SoloTest" classname="Bavix.WalletBench.Test.Units.SoloTest" file="/Users/babichev/projects/laravel-wallet-benchmark/tests/Units/SoloTest.php" line="17" assertions="1" time="0.023942"/>
          <testcase name="testGetBalance" class="Bavix\WalletBench\Test\Units\SoloTest" classname="Bavix.WalletBench.Test.Units.SoloTest" file="/Users/babichev/projects/laravel-wallet-benchmark/tests/Units/SoloTest.php" line="17" assertions="1" time="0.024036"/>
          <testcase name="testGetBalance" class="Bavix\WalletBench\Test\Units\SoloTest" classname="Bavix.WalletBench.Test.Units.SoloTest" file="/Users/babichev/projects/laravel-wallet-benchmark/tests/Units/SoloTest.php" line="17" assertions="1" time="0.023216"/>
          <testcase name="testGetBalance" class="Bavix\WalletBench\Test\Units\SoloTest" classname="Bavix.WalletBench.Test.Units.SoloTest" file="/Users/babichev/projects/laravel-wallet-benchmark/tests/Units/SoloTest.php" line="17" assertions="1" time="0.024736"/>
          <testcase name="testGetBalance" class="Bavix\WalletBench\Test\Units\SoloTest" classname="Bavix.WalletBench.Test.Units.SoloTest" file="/Users/babichev/projects/laravel-wallet-benchmark/tests/Units/SoloTest.php" line="17" assertions="1" time="0.023401"/>
          <testcase name="testGetBalance" class="Bavix\WalletBench\Test\Units\SoloTest" classname="Bavix.WalletBench.Test.Units.SoloTest" file="/Users/babichev/projects/laravel-wallet-benchmark/tests/Units/SoloTest.php" line="17" assertions="1" time="0.022371"/>
          <testcase name="testGetBalance" class="Bavix\WalletBench\Test\Units\SoloTest" classname="Bavix.WalletBench.Test.Units.SoloTest" file="/Users/babichev/projects/laravel-wallet-benchmark/tests/Units/SoloTest.php" line="17" assertions="1" time="0.026759"/>
          <testcase name="testGetBalance" class="Bavix\WalletBench\Test\Units\SoloTest" classname="Bavix.WalletBench.Test.Units.SoloTest" file="/Users/babichev/projects/laravel-wallet-benchmark/tests/Units/SoloTest.php" line="17" assertions="1" time="0.023903"/>
          <testcase name="testGetBalance" class="Bavix\WalletBench\Test\Units\SoloTest" classname="Bavix.WalletBench.Test.Units.SoloTest" file="/Users/babichev/projects/laravel-wallet-benchmark/tests/Units/SoloTest.php" line="17" assertions="1" time="0.026047"/>
[...]
          <testcase name="testTransfer" class="Bavix\WalletBench\Test\Units\SoloTest" classname="Bavix.WalletBench.Test.Units.SoloTest" file="/Users/babichev/projects/laravel-wallet-benchmark/tests/Units/SoloTest.php" line="43" assertions="1" time="0.073013"/>
          <testcase name="testTransfer" class="Bavix\WalletBench\Test\Units\SoloTest" classname="Bavix.WalletBench.Test.Units.SoloTest" file="/Users/babichev/projects/laravel-wallet-benchmark/tests/Units/SoloTest.php" line="43" assertions="1" time="0.077080"/>
          <testcase name="testTransfer" class="Bavix\WalletBench\Test\Units\SoloTest" classname="Bavix.WalletBench.Test.Units.SoloTest" file="/Users/babichev/projects/laravel-wallet-benchmark/tests/Units/SoloTest.php" line="43" assertions="1" time="0.081766"/>
          <testcase name="testTransfer" class="Bavix\WalletBench\Test\Units\SoloTest" classname="Bavix.WalletBench.Test.Units.SoloTest" file="/Users/babichev/projects/laravel-wallet-benchmark/tests/Units/SoloTest.php" line="43" assertions="1" time="0.077668"/>
          <testcase name="testTransfer" class="Bavix\WalletBench\Test\Units\SoloTest" classname="Bavix.WalletBench.Test.Units.SoloTest" file="/Users/babichev/projects/laravel-wallet-benchmark/tests/Units/SoloTest.php" line="43" assertions="1" time="0.073984"/>
          <testcase name="testTransfer" class="Bavix\WalletBench\Test\Units\SoloTest" classname="Bavix.WalletBench.Test.Units.SoloTest" file="/Users/babichev/projects/laravel-wallet-benchmark/tests/Units/SoloTest.php" line="43" assertions="1" time="0.077116"/>
          <testcase name="testTransfer" class="Bavix\WalletBench\Test\Units\SoloTest" classname="Bavix.WalletBench.Test.Units.SoloTest" file="/Users/babichev/projects/laravel-wallet-benchmark/tests/Units/SoloTest.php" line="43" assertions="1" time="0.075965"/>
          <testcase name="testTransfer" class="Bavix\WalletBench\Test\Units\SoloTest" classname="Bavix.WalletBench.Test.Units.SoloTest" file="/Users/babichev/projects/laravel-wallet-benchmark/tests/Units/SoloTest.php" line="43" assertions="1" time="0.077632"/>
          <testcase name="testTransfer" class="Bavix\WalletBench\Test\Units\SoloTest" classname="Bavix.WalletBench.Test.Units.SoloTest" file="/Users/babichev/projects/laravel-wallet-benchmark/tests/Units/SoloTest.php" line="43" assertions="1" time="0.075415"/>
          <testcase name="testTransfer" class="Bavix\WalletBench\Test\Units\SoloTest" classname="Bavix.WalletBench.Test.Units.SoloTest" file="/Users/babichev/projects/laravel-wallet-benchmark/tests/Units/SoloTest.php" line="43" assertions="1" time="0.074947"/>
          <testcase name="testTransfer" class="Bavix\WalletBench\Test\Units\SoloTest" classname="Bavix.WalletBench.Test.Units.SoloTest" file="/Users/babichev/projects/laravel-wallet-benchmark/tests/Units/SoloTest.php" line="43" assertions="1" time="0.077096"/>
          <testcase name="testTransfer" class="Bavix\WalletBench\Test\Units\SoloTest" classname="Bavix.WalletBench.Test.Units.SoloTest" file="/Users/babichev/projects/laravel-wallet-benchmark/tests/Units/SoloTest.php" line="43" assertions="1" time="0.075226"/>
          <testcase name="testTransfer" class="Bavix\WalletBench\Test\Units\SoloTest" classname="Bavix.WalletBench.Test.Units.SoloTest" file="/Users/babichev/projects/laravel-wallet-benchmark/tests/Units/SoloTest.php" line="43" assertions="1" time="0.073184"/>
          <testcase name="testTransfer" class="Bavix\WalletBench\Test\Units\SoloTest" classname="Bavix.WalletBench.Test.Units.SoloTest" file="/Users/babichev/projects/laravel-wallet-benchmark/tests/Units/SoloTest.php" line="43" assertions="1" time="0.075001"/>
          <testcase name="testTransfer" class="Bavix\WalletBench\Test\Units\SoloTest" classname="Bavix.WalletBench.Test.Units.SoloTest" file="/Users/babichev/projects/laravel-wallet-benchmark/tests/Units/SoloTest.php" line="43" assertions="1" time="0.071735"/>
          <testcase name="testTransfer" class="Bavix\WalletBench\Test\Units\SoloTest" classname="Bavix.WalletBench.Test.Units.SoloTest" file="/Users/babichev/projects/laravel-wallet-benchmark/tests/Units/SoloTest.php" line="43" assertions="1" time="0.075211"/>
          <testcase name="testTransfer" class="Bavix\WalletBench\Test\Units\SoloTest" classname="Bavix.WalletBench.Test.Units.SoloTest" file="/Users/babichev/projects/laravel-wallet-benchmark/tests/Units/SoloTest.php" line="43" assertions="1" time="0.078792"/>
          <testcase name="testTransfer" class="Bavix\WalletBench\Test\Units\SoloTest" classname="Bavix.WalletBench.Test.Units.SoloTest" file="/Users/babichev/projects/laravel-wallet-benchmark/tests/Units/SoloTest.php" line="43" assertions="1" time="0.075737"/>
          <testcase name="testTransfer" class="Bavix\WalletBench\Test\Units\SoloTest" classname="Bavix.WalletBench.Test.Units.SoloTest" file="/Users/babichev/projects/laravel-wallet-benchmark/tests/Units/SoloTest.php" line="43" assertions="1" time="0.083694"/>
          <testcase name="testTransfer" class="Bavix\WalletBench\Test\Units\SoloTest" classname="Bavix.WalletBench.Test.Units.SoloTest" file="/Users/babichev/projects/laravel-wallet-benchmark/tests/Units/SoloTest.php" line="43" assertions="1" time="0.075480"/>
          <testcase name="testTransfer" class="Bavix\WalletBench\Test\Units\SoloTest" classname="Bavix.WalletBench.Test.Units.SoloTest" file="/Users/babichev/projects/laravel-wallet-benchmark/tests/Units/SoloTest.php" line="43" assertions="1" time="0.078613"/>
          <testcase name="testTransfer" class="Bavix\WalletBench\Test\Units\SoloTest" classname="Bavix.WalletBench.Test.Units.SoloTest" file="/Users/babichev/projects/laravel-wallet-benchmark/tests/Units/SoloTest.php" line="43" assertions="1" time="0.076423"/>
          <testcase name="testTransfer" class="Bavix\WalletBench\Test\Units\SoloTest" classname="Bavix.WalletBench.Test.Units.SoloTest" file="/Users/babichev/projects/laravel-wallet-benchmark/tests/Units/SoloTest.php" line="43" assertions="1" time="0.079642"/>
          <testcase name="testTransfer" class="Bavix\WalletBench\Test\Units\SoloTest" classname="Bavix.WalletBench.Test.Units.SoloTest" file="/Users/babichev/projects/laravel-wallet-benchmark/tests/Units/SoloTest.php" line="43" assertions="1" time="0.073735"/>
          <testcase name="testTransfer" class="Bavix\WalletBench\Test\Units\SoloTest" classname="Bavix.WalletBench.Test.Units.SoloTest" file="/Users/babichev/projects/laravel-wallet-benchmark/tests/Units/SoloTest.php" line="43" assertions="1" time="0.077014"/>
          <testcase name="testTransfer" class="Bavix\WalletBench\Test\Units\SoloTest" classname="Bavix.WalletBench.Test.Units.SoloTest" file="/Users/babichev/projects/laravel-wallet-benchmark/tests/Units/SoloTest.php" line="43" assertions="1" time="0.077175"/>
          <testcase name="testTransfer" class="Bavix\WalletBench\Test\Units\SoloTest" classname="Bavix.WalletBench.Test.Units.SoloTest" file="/Users/babichev/projects/laravel-wallet-benchmark/tests/Units/SoloTest.php" line="43" assertions="1" time="0.078614"/>
          <testcase name="testTransfer" class="Bavix\WalletBench\Test\Units\SoloTest" classname="Bavix.WalletBench.Test.Units.SoloTest" file="/Users/babichev/projects/laravel-wallet-benchmark/tests/Units/SoloTest.php" line="43" assertions="1" time="0.075842"/>
          <testcase name="testTransfer" class="Bavix\WalletBench\Test\Units\SoloTest" classname="Bavix.WalletBench.Test.Units.SoloTest" file="/Users/babichev/projects/laravel-wallet-benchmark/tests/Units/SoloTest.php" line="43" assertions="1" time="0.075459"/>
          <testcase name="testTransfer" class="Bavix\WalletBench\Test\Units\SoloTest" classname="Bavix.WalletBench.Test.Units.SoloTest" file="/Users/babichev/projects/laravel-wallet-benchmark/tests/Units/SoloTest.php" line="43" assertions="1" time="0.079961"/>
          <testcase name="testTransfer" class="Bavix\WalletBench\Test\Units\SoloTest" classname="Bavix.WalletBench.Test.Units.SoloTest" file="/Users/babichev/projects/laravel-wallet-benchmark/tests/Units/SoloTest.php" line="43" assertions="1" time="0.077569"/>
          <testcase name="testTransfer" class="Bavix\WalletBench\Test\Units\SoloTest" classname="Bavix.WalletBench.Test.Units.SoloTest" file="/Users/babichev/projects/laravel-wallet-benchmark/tests/Units/SoloTest.php" line="43" assertions="1" time="0.075663"/>
          <testcase name="testTransfer" class="Bavix\WalletBench\Test\Units\SoloTest" classname="Bavix.WalletBench.Test.Units.SoloTest" file="/Users/babichev/projects/laravel-wallet-benchmark/tests/Units/SoloTest.php" line="43" assertions="1" time="0.081169"/>
          <testcase name="testTransfer" class="Bavix\WalletBench\Test\Units\SoloTest" classname="Bavix.WalletBench.Test.Units.SoloTest" file="/Users/babichev/projects/laravel-wallet-benchmark/tests/Units/SoloTest.php" line="43" assertions="1" time="0.079144"/>
          <testcase name="testTransfer" class="Bavix\WalletBench\Test\Units\SoloTest" classname="Bavix.WalletBench.Test.Units.SoloTest" file="/Users/babichev/projects/laravel-wallet-benchmark/tests/Units/SoloTest.php" line="43" assertions="1" time="0.074269"/>
          <testcase name="testTransfer" class="Bavix\WalletBench\Test\Units\SoloTest" classname="Bavix.WalletBench.Test.Units.SoloTest" file="/Users/babichev/projects/laravel-wallet-benchmark/tests/Units/SoloTest.php" line="43" assertions="1" time="0.074514"/>
          <testcase name="testTransfer" class="Bavix\WalletBench\Test\Units\SoloTest" classname="Bavix.WalletBench.Test.Units.SoloTest" file="/Users/babichev/projects/laravel-wallet-benchmark/tests/Units/SoloTest.php" line="43" assertions="1" time="0.080482"/>
          <testcase name="testTransfer" class="Bavix\WalletBench\Test\Units\SoloTest" classname="Bavix.WalletBench.Test.Units.SoloTest" file="/Users/babichev/projects/laravel-wallet-benchmark/tests/Units/SoloTest.php" line="43" assertions="1" time="0.077287"/>
          <testcase name="testTransfer" class="Bavix\WalletBench\Test\Units\SoloTest" classname="Bavix.WalletBench.Test.Units.SoloTest" file="/Users/babichev/projects/laravel-wallet-benchmark/tests/Units/SoloTest.php" line="43" assertions="1" time="0.083483"/>
          <testcase name="testTransfer" class="Bavix\WalletBench\Test\Units\SoloTest" classname="Bavix.WalletBench.Test.Units.SoloTest" file="/Users/babichev/projects/laravel-wallet-benchmark/tests/Units/SoloTest.php" line="43" assertions="1" time="0.081253"/>
          <testcase name="testTransfer" class="Bavix\WalletBench\Test\Units\SoloTest" classname="Bavix.WalletBench.Test.Units.SoloTest" file="/Users/babichev/projects/laravel-wallet-benchmark/tests/Units/SoloTest.php" line="43" assertions="1" time="0.074747"/>
          <testcase name="testTransfer" class="Bavix\WalletBench\Test\Units\SoloTest" classname="Bavix.WalletBench.Test.Units.SoloTest" file="/Users/babichev/projects/laravel-wallet-benchmark/tests/Units/SoloTest.php" line="43" assertions="1" time="0.079982"/>
          <testcase name="testTransfer" class="Bavix\WalletBench\Test\Units\SoloTest" classname="Bavix.WalletBench.Test.Units.SoloTest" file="/Users/babichev/projects/laravel-wallet-benchmark/tests/Units/SoloTest.php" line="43" assertions="1" time="0.076282"/>
          <testcase name="testTransfer" class="Bavix\WalletBench\Test\Units\SoloTest" classname="Bavix.WalletBench.Test.Units.SoloTest" file="/Users/babichev/projects/laravel-wallet-benchmark/tests/Units/SoloTest.php" line="43" assertions="1" time="0.076619"/>
          <testcase name="testTransfer" class="Bavix\WalletBench\Test\Units\SoloTest" classname="Bavix.WalletBench.Test.Units.SoloTest" file="/Users/babichev/projects/laravel-wallet-benchmark/tests/Units/SoloTest.php" line="43" assertions="1" time="0.075472"/>
          <testcase name="testTransfer" class="Bavix\WalletBench\Test\Units\SoloTest" classname="Bavix.WalletBench.Test.Units.SoloTest" file="/Users/babichev/projects/laravel-wallet-benchmark/tests/Units/SoloTest.php" line="43" assertions="1" time="0.075473"/>
          <testcase name="testTransfer" class="Bavix\WalletBench\Test\Units\SoloTest" classname="Bavix.WalletBench.Test.Units.SoloTest" file="/Users/babichev/projects/laravel-wallet-benchmark/tests/Units/SoloTest.php" line="43" assertions="1" time="0.073382"/>
          <testcase name="testTransfer" class="Bavix\WalletBench\Test\Units\SoloTest" classname="Bavix.WalletBench.Test.Units.SoloTest" file="/Users/babichev/projects/laravel-wallet-benchmark/tests/Units/SoloTest.php" line="43" assertions="1" time="0.078445"/>
        </testsuite>
      </testsuite>
      <testsuite name="Bavix\WalletBench\Test\Units\StateTest" file="/Users/babichev/projects/laravel-wallet-benchmark/tests/Units/StateTest.php" tests="25" assertions="25" errors="0" warnings="0" failures="0" skipped="0" time="50.214347">
        <testsuite name="Bavix\WalletBench\Test\Units\StateTest::testInTransaction" tests="25" assertions="25" errors="0" warnings="0" failures="0" skipped="0" time="50.214347">
          <testcase name="testInTransaction" class="Bavix\WalletBench\Test\Units\StateTest" classname="Bavix.WalletBench.Test.Units.StateTest" file="/Users/babichev/projects/laravel-wallet-benchmark/tests/Units/StateTest.php" line="20" assertions="1" time="1.992545"/>
          <testcase name="testInTransaction" class="Bavix\WalletBench\Test\Units\StateTest" classname="Bavix.WalletBench.Test.Units.StateTest" file="/Users/babichev/projects/laravel-wallet-benchmark/tests/Units/StateTest.php" line="20" assertions="1" time="1.991392"/>
          <testcase name="testInTransaction" class="Bavix\WalletBench\Test\Units\StateTest" classname="Bavix.WalletBench.Test.Units.StateTest" file="/Users/babichev/projects/laravel-wallet-benchmark/tests/Units/StateTest.php" line="20" assertions="1" time="2.010801"/>
          <testcase name="testInTransaction" class="Bavix\WalletBench\Test\Units\StateTest" classname="Bavix.WalletBench.Test.Units.StateTest" file="/Users/babichev/projects/laravel-wallet-benchmark/tests/Units/StateTest.php" line="20" assertions="1" time="2.021375"/>
          <testcase name="testInTransaction" class="Bavix\WalletBench\Test\Units\StateTest" classname="Bavix.WalletBench.Test.Units.StateTest" file="/Users/babichev/projects/laravel-wallet-benchmark/tests/Units/StateTest.php" line="20" assertions="1" time="2.017228"/>
          <testcase name="testInTransaction" class="Bavix\WalletBench\Test\Units\StateTest" classname="Bavix.WalletBench.Test.Units.StateTest" file="/Users/babichev/projects/laravel-wallet-benchmark/tests/Units/StateTest.php" line="20" assertions="1" time="2.005438"/>
          <testcase name="testInTransaction" class="Bavix\WalletBench\Test\Units\StateTest" classname="Bavix.WalletBench.Test.Units.StateTest" file="/Users/babichev/projects/laravel-wallet-benchmark/tests/Units/StateTest.php" line="20" assertions="1" time="2.003306"/>
          <testcase name="testInTransaction" class="Bavix\WalletBench\Test\Units\StateTest" classname="Bavix.WalletBench.Test.Units.StateTest" file="/Users/babichev/projects/laravel-wallet-benchmark/tests/Units/StateTest.php" line="20" assertions="1" time="2.017809"/>
          <testcase name="testInTransaction" class="Bavix\WalletBench\Test\Units\StateTest" classname="Bavix.WalletBench.Test.Units.StateTest" file="/Users/babichev/projects/laravel-wallet-benchmark/tests/Units/StateTest.php" line="20" assertions="1" time="2.010334"/>
          <testcase name="testInTransaction" class="Bavix\WalletBench\Test\Units\StateTest" classname="Bavix.WalletBench.Test.Units.StateTest" file="/Users/babichev/projects/laravel-wallet-benchmark/tests/Units/StateTest.php" line="20" assertions="1" time="2.012639"/>
          <testcase name="testInTransaction" class="Bavix\WalletBench\Test\Units\StateTest" classname="Bavix.WalletBench.Test.Units.StateTest" file="/Users/babichev/projects/laravel-wallet-benchmark/tests/Units/StateTest.php" line="20" assertions="1" time="2.012871"/>
          <testcase name="testInTransaction" class="Bavix\WalletBench\Test\Units\StateTest" classname="Bavix.WalletBench.Test.Units.StateTest" file="/Users/babichev/projects/laravel-wallet-benchmark/tests/Units/StateTest.php" line="20" assertions="1" time="1.999806"/>
          <testcase name="testInTransaction" class="Bavix\WalletBench\Test\Units\StateTest" classname="Bavix.WalletBench.Test.Units.StateTest" file="/Users/babichev/projects/laravel-wallet-benchmark/tests/Units/StateTest.php" line="20" assertions="1" time="2.004839"/>
          <testcase name="testInTransaction" class="Bavix\WalletBench\Test\Units\StateTest" classname="Bavix.WalletBench.Test.Units.StateTest" file="/Users/babichev/projects/laravel-wallet-benchmark/tests/Units/StateTest.php" line="20" assertions="1" time="2.015352"/>
          <testcase name="testInTransaction" class="Bavix\WalletBench\Test\Units\StateTest" classname="Bavix.WalletBench.Test.Units.StateTest" file="/Users/babichev/projects/laravel-wallet-benchmark/tests/Units/StateTest.php" line="20" assertions="1" time="2.015000"/>
          <testcase name="testInTransaction" class="Bavix\WalletBench\Test\Units\StateTest" classname="Bavix.WalletBench.Test.Units.StateTest" file="/Users/babichev/projects/laravel-wallet-benchmark/tests/Units/StateTest.php" line="20" assertions="1" time="2.030476"/>
          <testcase name="testInTransaction" class="Bavix\WalletBench\Test\Units\StateTest" classname="Bavix.WalletBench.Test.Units.StateTest" file="/Users/babichev/projects/laravel-wallet-benchmark/tests/Units/StateTest.php" line="20" assertions="1" time="2.004991"/>
          <testcase name="testInTransaction" class="Bavix\WalletBench\Test\Units\StateTest" classname="Bavix.WalletBench.Test.Units.StateTest" file="/Users/babichev/projects/laravel-wallet-benchmark/tests/Units/StateTest.php" line="20" assertions="1" time="1.994449"/>
          <testcase name="testInTransaction" class="Bavix\WalletBench\Test\Units\StateTest" classname="Bavix.WalletBench.Test.Units.StateTest" file="/Users/babichev/projects/laravel-wallet-benchmark/tests/Units/StateTest.php" line="20" assertions="1" time="2.028884"/>
          <testcase name="testInTransaction" class="Bavix\WalletBench\Test\Units\StateTest" classname="Bavix.WalletBench.Test.Units.StateTest" file="/Users/babichev/projects/laravel-wallet-benchmark/tests/Units/StateTest.php" line="20" assertions="1" time="2.008362"/>
          <testcase name="testInTransaction" class="Bavix\WalletBench\Test\Units\StateTest" classname="Bavix.WalletBench.Test.Units.StateTest" file="/Users/babichev/projects/laravel-wallet-benchmark/tests/Units/StateTest.php" line="20" assertions="1" time="1.983380"/>
          <testcase name="testInTransaction" class="Bavix\WalletBench\Test\Units\StateTest" classname="Bavix.WalletBench.Test.Units.StateTest" file="/Users/babichev/projects/laravel-wallet-benchmark/tests/Units/StateTest.php" line="20" assertions="1" time="1.998880"/>
          <testcase name="testInTransaction" class="Bavix\WalletBench\Test\Units\StateTest" classname="Bavix.WalletBench.Test.Units.StateTest" file="/Users/babichev/projects/laravel-wallet-benchmark/tests/Units/StateTest.php" line="20" assertions="1" time="2.010925"/>
          <testcase name="testInTransaction" class="Bavix\WalletBench\Test\Units\StateTest" classname="Bavix.WalletBench.Test.Units.StateTest" file="/Users/babichev/projects/laravel-wallet-benchmark/tests/Units/StateTest.php" line="20" assertions="1" time="2.020078"/>
          <testcase name="testInTransaction" class="Bavix\WalletBench\Test\Units\StateTest" classname="Bavix.WalletBench.Test.Units.StateTest" file="/Users/babichev/projects/laravel-wallet-benchmark/tests/Units/StateTest.php" line="20" assertions="1" time="2.003189"/>
        </testsuite>
      </testsuite>
    </testsuite>
  </testsuite>
</testsuites>
